[0.000000] (-) TimerEvent: {}
[0.000405] (-) JobUnselected: {'identifier': 'rviz_plugin_zed_od'}
[0.000467] (-) JobUnselected: {'identifier': 'zed_aruco_localization'}
[0.000507] (-) JobUnselected: {'identifier': 'zed_aruco_localization'}
[0.000559] (-) JobUnselected: {'identifier': 'zed_depth_to_laserscan'}
[0.000610] (-) JobUnselected: {'identifier': 'zed_display_rviz2'}
[0.000645] (-) JobUnselected: {'identifier': 'zed_ipc'}
[0.000680] (-) JobUnselected: {'identifier': 'zed_isaac_ros_april_tag'}
[0.000714] (-) JobUnselected: {'identifier': 'zed_isaac_ros_multi_camera'}
[0.000747] (-) JobUnselected: {'identifier': 'zed_isaac_ros_nitros_sub'}
[0.000781] (-) JobUnselected: {'identifier': 'zed_multi_camera'}
[0.000813] (-) JobUnselected: {'identifier': 'zed_rgb_convert'}
[0.000846] (-) JobUnselected: {'identifier': 'zed_robot_integration'}
[0.000878] (-) JobUnselected: {'identifier': 'zed_topic_benchmark'}
[0.000911] (-) JobUnselected: {'identifier': 'zed_topic_benchmark_component'}
[0.000944] (-) JobUnselected: {'identifier': 'zed_topic_benchmark_interfaces'}
[0.000977] (-) JobUnselected: {'identifier': 'zed_tutorial_depth'}
[0.001010] (-) JobUnselected: {'identifier': 'zed_tutorial_pos_tracking'}
[0.001043] (-) JobUnselected: {'identifier': 'zed_tutorial_video'}
[0.001083] (campus_maps) JobQueued: {'identifier': 'campus_maps', 'dependencies': OrderedDict()}
[0.001126] (campus_maps) JobStarted: {'identifier': 'campus_maps'}
[0.098660] (-) TimerEvent: {}
[0.199098] (-) TimerEvent: {}
[0.299635] (-) TimerEvent: {}
[0.400125] (-) TimerEvent: {}
[0.500632] (-) TimerEvent: {}
[0.601042] (-) TimerEvent: {}
[0.701498] (-) TimerEvent: {}
[0.730437] (campus_maps) Command: {'cmd': ['/usr/bin/python3', '-W', 'ignore:setup.py install is deprecated', '-W', 'ignore:easy_install command is deprecated', 'setup.py', 'egg_info', '--egg-base', '../build/campus_maps', 'build', '--build-base', '/home/lalithesh/major_project/MATERIAL_TRANSFER_ROBOT_2026/CODE/ros_ws/src/build/campus_maps/build', 'install', '--record', '/home/lalithesh/major_project/MATERIAL_TRANSFER_ROBOT_2026/CODE/ros_ws/src/build/campus_maps/install.log', '--single-version-externally-managed', 'install_data'], 'cwd': '/home/lalithesh/major_project/MATERIAL_TRANSFER_ROBOT_2026/CODE/ros_ws/src/campus_maps', 'env': {'LANGUAGE': 'en_IN:en', 'USER': 'lalithesh', 'XDG_SEAT': 'seat0', 'XDG_SESSION_TYPE': 'x11', 'SHLVL': '1', 'HOME': '/home/lalithesh', 'OLDPWD': '/home/lalithesh/major_project/MATERIAL_TRANSFER_ROBOT_2026/CODE/ros_ws/src/campus_maps/campus_maps', 'LESS': '-R', 'DESKTOP_SESSION': 'i3', 'ZSH': '/home/lalithesh/.oh-my-zsh', 'LSCOLORS': 'exfxcxdxbxegedabagacad', 'ZNT_CONFIG_DIR': '/home/lalithesh/.config/znt', 'GTK_MODULES': 'gail:atk-bridge', 'XDG_SEAT_PATH': '/org/freedesktop/DisplayManager/Seat0', 'PAGER': 'less', 'GREP_COLORS': 'mt=1;33', 'DBUS_SESSION_BUS_ADDRESS': 'unix:path=/run/user/1000/bus', 'COLORTERM': 'truecolor', 'GTK_IM_MODULE': 'ibus', 'LOGNAME': 'lalithesh', 'WINDOWID': '56623107', '_': '/usr/bin/colcon', 'XDG_SESSION_CLASS': 'user', 'XDG_SESSION_ID': 'c2', 'TERM': 'xterm-256color', 'PATH': '/home/lalithesh/.local/bin:/usr/local/sbin:/usr/local/bin:/usr/sbin:/usr/bin:/sbin:/bin:/usr/games:/usr/local/games:/snap/bin', 'GDM_LANG': 'en_US', 'XDG_SESSION_PATH': '/org/freedesktop/DisplayManager/Session0', 'XDG_RUNTIME_DIR': '/run/user/1000', 'DISPLAY': ':0', 'LANG': 'en_US.UTF-8', 'XDG_CURRENT_DESKTOP': 'i3', 'XDG_SESSION_DESKTOP': 'i3', 'XMODIFIERS': '@im=ibus', 'XAUTHORITY': '/home/lalithesh/.Xauthority', 'LS_COLORS': 'di=34;40:ln=35;40:so=32;40:pi=33;40:ex=31;40:bd=34;46:cd=34;43:su=0;41:sg=0;46:tw=0;42:ow=0;43:', 'XDG_GREETER_DATA_DIR': '/var/lib/lightdm-data/lalithesh', 'SHELL': '/usr/bin/zsh', 'QT_ACCESSIBILITY': '1', 'GDMSESSION': 'i3', 'GPG_AGENT_INFO': '/run/user/1000/gnupg/S.gpg-agent:0:1', 'QT_IM_MODULE': 'ibus', 'XDG_VTNR': '7', 'LC_ALL': 'en_US.UTF-8', 'PWD': '/home/lalithesh/major_project/MATERIAL_TRANSFER_ROBOT_2026/CODE/ros_ws/src/build/campus_maps', 'XDG_CONFIG_DIRS': '/etc/xdg/xdg-i3:/etc/xdg', 'XDG_DATA_DIRS': '/usr/share/i3:/usr/share/gnome:/usr/local/share:/usr/share:/var/lib/snapd/desktop', 'CLUTTER_IM_MODULE': 'ibus', 'VIRTUAL_ENV_DISABLE_PROMPT': '1', 'I3SOCK': '/run/user/1000/i3/ipc-socket.1707', 'ZNT_REPO_DIR': '/home/lalithesh/.oh-my-zsh/plugins/zsh-navigation-tools', 'COLCON': '1', 'TERMINAL': 'xfce4-terminal', 'VTE_VERSION': '6800', 'PYTHONPATH': '/home/lalithesh/major_project/MATERIAL_TRANSFER_ROBOT_2026/CODE/ros_ws/src/build/campus_maps/prefix_override:/usr/lib/python3/dist-packages/colcon_core/task/python/colcon_distutils_commands:/home/lalithesh/major_project/MATERIAL_TRANSFER_ROBOT_2026/CODE/ros_ws/src/install/campus_maps/lib/python3.10/site-packages:'}, 'shell': False}
[0.801624] (-) TimerEvent: {}
[0.902058] (-) TimerEvent: {}
[0.969372] (campus_maps) StdoutLine: {'line': b'running egg_info\n'}
[0.970104] (campus_maps) StdoutLine: {'line': b'creating ../build/campus_maps/campus_maps.egg-info\n'}
[0.970286] (campus_maps) StdoutLine: {'line': b'writing ../build/campus_maps/campus_maps.egg-info/PKG-INFO\n'}
[0.970581] (campus_maps) StdoutLine: {'line': b'writing dependency_links to ../build/campus_maps/campus_maps.egg-info/dependency_links.txt\n'}
[0.970738] (campus_maps) StdoutLine: {'line': b'writing entry points to ../build/campus_maps/campus_maps.egg-info/entry_points.txt\n'}
[0.970866] (campus_maps) StdoutLine: {'line': b'writing requirements to ../build/campus_maps/campus_maps.egg-info/requires.txt\n'}
[0.971065] (campus_maps) StdoutLine: {'line': b'writing top-level names to ../build/campus_maps/campus_maps.egg-info/top_level.txt\n'}
[0.971271] (campus_maps) StdoutLine: {'line': b"writing manifest file '../build/campus_maps/campus_maps.egg-info/SOURCES.txt'\n"}
[0.973353] (campus_maps) StdoutLine: {'line': b"reading manifest file '../build/campus_maps/campus_maps.egg-info/SOURCES.txt'\n"}
[0.974249] (campus_maps) StdoutLine: {'line': b"writing manifest file '../build/campus_maps/campus_maps.egg-info/SOURCES.txt'\n"}
[0.974499] (campus_maps) StdoutLine: {'line': b'running build\n'}
[0.974696] (campus_maps) StdoutLine: {'line': b'running build_py\n'}
[0.974934] (campus_maps) StdoutLine: {'line': b'creating /home/lalithesh/major_project/MATERIAL_TRANSFER_ROBOT_2026/CODE/ros_ws/src/build/campus_maps/build\n'}
[0.975210] (campus_maps) StdoutLine: {'line': b'creating /home/lalithesh/major_project/MATERIAL_TRANSFER_ROBOT_2026/CODE/ros_ws/src/build/campus_maps/build/lib\n'}
[0.975323] (campus_maps) StdoutLine: {'line': b'creating /home/lalithesh/major_project/MATERIAL_TRANSFER_ROBOT_2026/CODE/ros_ws/src/build/campus_maps/build/lib/campus_maps\n'}
[0.975390] (campus_maps) StdoutLine: {'line': b'copying campus_maps/tile_switcher.py -> /home/lalithesh/major_project/MATERIAL_TRANSFER_ROBOT_2026/CODE/ros_ws/src/build/campus_maps/build/lib/campus_maps\n'}
[0.975456] (campus_maps) StdoutLine: {'line': b'copying campus_maps/__init__.py -> /home/lalithesh/major_project/MATERIAL_TRANSFER_ROBOT_2026/CODE/ros_ws/src/build/campus_maps/build/lib/campus_maps\n'}
[0.975520] (campus_maps) StdoutLine: {'line': b'running install\n'}
[0.975663] (campus_maps) StdoutLine: {'line': b'running install_lib\n'}
[0.976336] (campus_maps) StdoutLine: {'line': b'creating /home/lalithesh/major_project/MATERIAL_TRANSFER_ROBOT_2026/CODE/ros_ws/src/install/campus_maps/lib/python3.10/site-packages/campus_maps\n'}
[0.976450] (campus_maps) StdoutLine: {'line': b'copying /home/lalithesh/major_project/MATERIAL_TRANSFER_ROBOT_2026/CODE/ros_ws/src/build/campus_maps/build/lib/campus_maps/tile_switcher.py -> /home/lalithesh/major_project/MATERIAL_TRANSFER_ROBOT_2026/CODE/ros_ws/src/install/campus_maps/lib/python3.10/site-packages/campus_maps\n'}
[0.976646] (campus_maps) StdoutLine: {'line': b'copying /home/lalithesh/major_project/MATERIAL_TRANSFER_ROBOT_2026/CODE/ros_ws/src/build/campus_maps/build/lib/campus_maps/__init__.py -> /home/lalithesh/major_project/MATERIAL_TRANSFER_ROBOT_2026/CODE/ros_ws/src/install/campus_maps/lib/python3.10/site-packages/campus_maps\n'}
[0.977223] (campus_maps) StdoutLine: {'line': b'byte-compiling /home/lalithesh/major_project/MATERIAL_TRANSFER_ROBOT_2026/CODE/ros_ws/src/install/campus_maps/lib/python3.10/site-packages/campus_maps/tile_switcher.py to tile_switcher.cpython-310.pyc\n'}
[0.978505] (campus_maps) StdoutLine: {'line': b'byte-compiling /home/lalithesh/major_project/MATERIAL_TRANSFER_ROBOT_2026/CODE/ros_ws/src/install/campus_maps/lib/python3.10/site-packages/campus_maps/__init__.py to __init__.cpython-310.pyc\n'}
[0.978836] (campus_maps) StdoutLine: {'line': b'running install_data\n'}
[0.978949] (campus_maps) StdoutLine: {'line': b'creating /home/lalithesh/major_project/MATERIAL_TRANSFER_ROBOT_2026/CODE/ros_ws/src/install/campus_maps/share/ament_index\n'}
[0.979166] (campus_maps) StdoutLine: {'line': b'creating /home/lalithesh/major_project/MATERIAL_TRANSFER_ROBOT_2026/CODE/ros_ws/src/install/campus_maps/share/ament_index/resource_index\n'}
[0.979279] (campus_maps) StdoutLine: {'line': b'creating /home/lalithesh/major_project/MATERIAL_TRANSFER_ROBOT_2026/CODE/ros_ws/src/install/campus_maps/share/ament_index/resource_index/packages\n'}
[0.979361] (campus_maps) StdoutLine: {'line': b'copying resource/campus_maps -> /home/lalithesh/major_project/MATERIAL_TRANSFER_ROBOT_2026/CODE/ros_ws/src/install/campus_maps/share/ament_index/resource_index/packages\n'}
[0.979507] (campus_maps) StdoutLine: {'line': b'copying package.xml -> /home/lalithesh/major_project/MATERIAL_TRANSFER_ROBOT_2026/CODE/ros_ws/src/install/campus_maps/share/campus_maps\n'}
[0.979602] (campus_maps) StdoutLine: {'line': b'creating /home/lalithesh/major_project/MATERIAL_TRANSFER_ROBOT_2026/CODE/ros_ws/src/install/campus_maps/share/campus_maps/maps\n'}
[0.979675] (campus_maps) StdoutLine: {'line': b'copying maps/tile01.yaml -> /home/lalithesh/major_project/MATERIAL_TRANSFER_ROBOT_2026/CODE/ros_ws/src/install/campus_maps/share/campus_maps/maps\n'}
[0.979741] (campus_maps) StdoutLine: {'line': b'copying maps/tile01.pgm -> /home/lalithesh/major_project/MATERIAL_TRANSFER_ROBOT_2026/CODE/ros_ws/src/install/campus_maps/share/campus_maps/maps\n'}
[0.981043] (campus_maps) StdoutLine: {'line': b'running install_egg_info\n'}
[0.983553] (campus_maps) StdoutLine: {'line': b'Copying ../build/campus_maps/campus_maps.egg-info to /home/lalithesh/major_project/MATERIAL_TRANSFER_ROBOT_2026/CODE/ros_ws/src/install/campus_maps/lib/python3.10/site-packages/campus_maps-0.0.0-py3.10.egg-info\n'}
[0.984843] (campus_maps) StdoutLine: {'line': b'running install_scripts\n'}
[1.002232] (-) TimerEvent: {}
[1.010522] (campus_maps) StdoutLine: {'line': b'Installing tile_switcher script to /home/lalithesh/major_project/MATERIAL_TRANSFER_ROBOT_2026/CODE/ros_ws/src/install/campus_maps/lib/campus_maps\n'}
[1.011018] (campus_maps) StdoutLine: {'line': b"writing list of installed files to '/home/lalithesh/major_project/MATERIAL_TRANSFER_ROBOT_2026/CODE/ros_ws/src/build/campus_maps/install.log'\n"}
[1.061867] (campus_maps) CommandEnded: {'returncode': 0}
[1.078236] (campus_maps) JobEnded: {'identifier': 'campus_maps', 'rc': 0}
[1.079473] (-) EventReactorShutdown: {}
