[0.225s] DEBUG:colcon:Command line arguments: ['/usr/bin/colcon', 'build', '--packages-select', 'campus_maps']
[0.225s] DEBUG:colcon:Parsed command line arguments: Namespace(log_base=None, log_level=None, verb_name='build', build_base='build', install_base='install', merge_install=False, symlink_install=False, test_result_base=None, continue_on_error=False, executor='parallel', parallel_workers=12, event_handlers=None, ignore_user_meta=False, metas=['./colcon.meta'], base_paths=['.'], packages_ignore=None, packages_ignore_regex=None, paths=None, packages_up_to=None, packages_up_to_regex=None, packages_above=None, packages_above_and_dependencies=None, packages_above_depth=None, packages_select_by_dep=None, packages_skip_by_dep=None, packages_skip_up_to=None, packages_select_build_failed=False, packages_skip_build_finished=False, packages_select_test_failures=False, packages_skip_test_passed=False, packages_select=['campus_maps'], packages_skip=None, packages_select_regex=None, packages_skip_regex=None, packages_start=None, packages_end=None, allow_overriding=[], cmake_args=None, cmake_target=None, cmake_target_skip_unavailable=False, cmake_clean_cache=False, cmake_clean_first=False, cmake_force_configure=False, ament_cmake_args=None, catkin_cmake_args=None, catkin_skip_building_tests=False, mixin_files=None, mixin=None, verb_parser=<colcon_mixin.mixin.mixin_argument.MixinArgumentDecorator object at 0x78d91083cd60>, verb_extension=<colcon_core.verb.build.BuildVerb object at 0x78d91093dd50>, main=<bound method BuildVerb.main of <colcon_core.verb.build.BuildVerb object at 0x78d91093dd50>>, mixin_verb=('build',))
[0.432s] Level 1:colcon.colcon_core.package_discovery:discover_packages(colcon_meta) check parameters
[0.432s] Level 1:colcon.colcon_core.package_discovery:discover_packages(recursive) check parameters
[0.432s] Level 1:colcon.colcon_core.package_discovery:discover_packages(ignore) check parameters
[0.432s] Level 1:colcon.colcon_core.package_discovery:discover_packages(path) check parameters
[0.432s] Level 1:colcon.colcon_core.package_discovery:discover_packages(colcon_meta) discover
[0.432s] Level 1:colcon.colcon_core.package_discovery:discover_packages(recursive) discover
[0.432s] INFO:colcon.colcon_core.package_discovery:Crawling recursively for packages in '/home/lalithesh/major_project/MATERIAL_TRANSFER_ROBOT_2026/CODE/ros_ws/src'
[0.432s] Level 1:colcon.colcon_core.package_identification:_identify(.) by extensions ['ignore', 'ignore_ament_install']
[0.432s] Level 1:colcon.colcon_core.package_identification:_identify(.) by extension 'ignore'
[0.432s] Level 1:colcon.colcon_core.package_identification:_identify(.) by extension 'ignore_ament_install'
[0.432s] Level 1:colcon.colcon_core.package_identification:_identify(.) by extensions ['colcon_pkg']
[0.432s] Level 1:colcon.colcon_core.package_identification:_identify(.) by extension 'colcon_pkg'
[0.432s] Level 1:colcon.colcon_core.package_identification:_identify(.) by extensions ['colcon_meta']
[0.432s] Level 1:colcon.colcon_core.package_identification:_identify(.) by extension 'colcon_meta'
[0.432s] Level 1:colcon.colcon_core.package_identification:_identify(.) by extensions ['ros']
[0.433s] Level 1:colcon.colcon_core.package_identification:_identify(.) by extension 'ros'
[0.448s] Level 1:colcon.colcon_core.package_identification:_identify(.) by extensions ['cmake', 'python']
[0.448s] Level 1:colcon.colcon_core.package_identification:_identify(.) by extension 'cmake'
[0.448s] Level 1:colcon.colcon_core.package_identification:_identify(.) by extension 'python'
[0.448s] Level 1:colcon.colcon_core.package_identification:_identify(.) by extensions ['python_setup_py']
[0.448s] Level 1:colcon.colcon_core.package_identification:_identify(.) by extension 'python_setup_py'
[0.448s] Level 1:colcon.colcon_core.package_identification:_identify(aruco_localization) by extensions ['ignore', 'ignore_ament_install']
[0.448s] Level 1:colcon.colcon_core.package_identification:_identify(aruco_localization) by extension 'ignore'
[0.448s] Level 1:colcon.colcon_core.package_identification:_identify(aruco_localization) by extension 'ignore_ament_install'
[0.448s] Level 1:colcon.colcon_core.package_identification:_identify(aruco_localization) by extensions ['colcon_pkg']
[0.448s] Level 1:colcon.colcon_core.package_identification:_identify(aruco_localization) by extension 'colcon_pkg'
[0.449s] Level 1:colcon.colcon_core.package_identification:_identify(aruco_localization) by extensions ['colcon_meta']
[0.449s] Level 1:colcon.colcon_core.package_identification:_identify(aruco_localization) by extension 'colcon_meta'
[0.449s] Level 1:colcon.colcon_core.package_identification:_identify(aruco_localization) by extensions ['ros']
[0.449s] Level 1:colcon.colcon_core.package_identification:_identify(aruco_localization) by extension 'ros'
[0.449s] Level 1:colcon.colcon_core.package_identification:_identify(aruco_localization) by extensions ['cmake', 'python']
[0.449s] Level 1:colcon.colcon_core.package_identification:_identify(aruco_localization) by extension 'cmake'
[0.449s] Level 1:colcon.colcon_core.package_identification:_identify(aruco_localization) by extension 'python'
[0.449s] Level 1:colcon.colcon_core.package_identification:_identify(aruco_localization) by extensions ['python_setup_py']
[0.449s] Level 1:colcon.colcon_core.package_identification:_identify(aruco_localization) by extension 'python_setup_py'
[0.449s] Level 1:colcon.colcon_core.package_identification:_identify(aruco_localization/zed-ros2-examples) by extensions ['ignore', 'ignore_ament_install']
[0.449s] Level 1:colcon.colcon_core.package_identification:_identify(aruco_localization/zed-ros2-examples) by extension 'ignore'
[0.449s] Level 1:colcon.colcon_core.package_identification:_identify(aruco_localization/zed-ros2-examples) by extension 'ignore_ament_install'
[0.450s] Level 1:colcon.colcon_core.package_identification:_identify(aruco_localization/zed-ros2-examples) by extensions ['colcon_pkg']
[0.450s] Level 1:colcon.colcon_core.package_identification:_identify(aruco_localization/zed-ros2-examples) by extension 'colcon_pkg'
[0.450s] Level 1:colcon.colcon_core.package_identification:_identify(aruco_localization/zed-ros2-examples) by extensions ['colcon_meta']
[0.450s] Level 1:colcon.colcon_core.package_identification:_identify(aruco_localization/zed-ros2-examples) by extension 'colcon_meta'
[0.450s] Level 1:colcon.colcon_core.package_identification:_identify(aruco_localization/zed-ros2-examples) by extensions ['ros']
[0.450s] Level 1:colcon.colcon_core.package_identification:_identify(aruco_localization/zed-ros2-examples) by extension 'ros'
[0.450s] Level 1:colcon.colcon_core.package_identification:_identify(aruco_localization/zed-ros2-examples) by extensions ['cmake', 'python']
[0.450s] Level 1:colcon.colcon_core.package_identification:_identify(aruco_localization/zed-ros2-examples) by extension 'cmake'
[0.450s] Level 1:colcon.colcon_core.package_identification:_identify(aruco_localization/zed-ros2-examples) by extension 'python'
[0.450s] Level 1:colcon.colcon_core.package_identification:_identify(aruco_localization/zed-ros2-examples) by extensions ['python_setup_py']
[0.450s] Level 1:colcon.colcon_core.package_identification:_identify(aruco_localization/zed-ros2-examples) by extension 'python_setup_py'
[0.450s] Level 1:colcon.colcon_core.package_identification:_identify(aruco_localization/zed-ros2-examples/examples) by extensions ['ignore', 'ignore_ament_install']
[0.450s] Level 1:colcon.colcon_core.package_identification:_identify(aruco_localization/zed-ros2-examples/examples) by extension 'ignore'
[0.450s] Level 1:colcon.colcon_core.package_identification:_identify(aruco_localization/zed-ros2-examples/examples) by extension 'ignore_ament_install'
[0.451s] Level 1:colcon.colcon_core.package_identification:_identify(aruco_localization/zed-ros2-examples/examples) by extensions ['colcon_pkg']
[0.451s] Level 1:colcon.colcon_core.package_identification:_identify(aruco_localization/zed-ros2-examples/examples) by extension 'colcon_pkg'
[0.451s] Level 1:colcon.colcon_core.package_identification:_identify(aruco_localization/zed-ros2-examples/examples) by extensions ['colcon_meta']
[0.451s] Level 1:colcon.colcon_core.package_identification:_identify(aruco_localization/zed-ros2-examples/examples) by extension 'colcon_meta'
[0.451s] Level 1:colcon.colcon_core.package_identification:_identify(aruco_localization/zed-ros2-examples/examples) by extensions ['ros']
[0.451s] Level 1:colcon.colcon_core.package_identification:_identify(aruco_localization/zed-ros2-examples/examples) by extension 'ros'
[0.451s] Level 1:colcon.colcon_core.package_identification:_identify(aruco_localization/zed-ros2-examples/examples) by extensions ['cmake', 'python']
[0.451s] Level 1:colcon.colcon_core.package_identification:_identify(aruco_localization/zed-ros2-examples/examples) by extension 'cmake'
[0.451s] Level 1:colcon.colcon_core.package_identification:_identify(aruco_localization/zed-ros2-examples/examples) by extension 'python'
[0.451s] Level 1:colcon.colcon_core.package_identification:_identify(aruco_localization/zed-ros2-examples/examples) by extensions ['python_setup_py']
[0.451s] Level 1:colcon.colcon_core.package_identification:_identify(aruco_localization/zed-ros2-examples/examples) by extension 'python_setup_py'
[0.451s] Level 1:colcon.colcon_core.package_identification:_identify(aruco_localization/zed-ros2-examples/examples/zed_aruco_localization) by extensions ['ignore', 'ignore_ament_install']
[0.452s] Level 1:colcon.colcon_core.package_identification:_identify(aruco_localization/zed-ros2-examples/examples/zed_aruco_localization) by extension 'ignore'
[0.452s] Level 1:colcon.colcon_core.package_identification:_identify(aruco_localization/zed-ros2-examples/examples/zed_aruco_localization) by extension 'ignore_ament_install'
[0.452s] Level 1:colcon.colcon_core.package_identification:_identify(aruco_localization/zed-ros2-examples/examples/zed_aruco_localization) by extensions ['colcon_pkg']
[0.452s] Level 1:colcon.colcon_core.package_identification:_identify(aruco_localization/zed-ros2-examples/examples/zed_aruco_localization) by extension 'colcon_pkg'
[0.452s] Level 1:colcon.colcon_core.package_identification:_identify(aruco_localization/zed-ros2-examples/examples/zed_aruco_localization) by extensions ['colcon_meta']
[0.452s] Level 1:colcon.colcon_core.package_identification:_identify(aruco_localization/zed-ros2-examples/examples/zed_aruco_localization) by extension 'colcon_meta'
[0.452s] Level 1:colcon.colcon_core.package_identification:_identify(aruco_localization/zed-ros2-examples/examples/zed_aruco_localization) by extensions ['ros']
[0.452s] Level 1:colcon.colcon_core.package_identification:_identify(aruco_localization/zed-ros2-examples/examples/zed_aruco_localization) by extension 'ros'
[0.456s] DEBUG:colcon.colcon_core.package_identification:Package 'aruco_localization/zed-ros2-examples/examples/zed_aruco_localization' with type 'ros.ament_cmake' and name 'zed_aruco_localization'
[0.456s] Level 1:colcon.colcon_core.package_identification:_identify(aruco_localization/zed-ros2-examples/examples/zed_depth_to_laserscan) by extensions ['ignore', 'ignore_ament_install']
[0.457s] Level 1:colcon.colcon_core.package_identification:_identify(aruco_localization/zed-ros2-examples/examples/zed_depth_to_laserscan) by extension 'ignore'
[0.457s] Level 1:colcon.colcon_core.package_identification:_identify(aruco_localization/zed-ros2-examples/examples/zed_depth_to_laserscan) by extension 'ignore_ament_install'
[0.457s] Level 1:colcon.colcon_core.package_identification:_identify(aruco_localization/zed-ros2-examples/examples/zed_depth_to_laserscan) by extensions ['colcon_pkg']
[0.457s] Level 1:colcon.colcon_core.package_identification:_identify(aruco_localization/zed-ros2-examples/examples/zed_depth_to_laserscan) by extension 'colcon_pkg'
[0.457s] Level 1:colcon.colcon_core.package_identification:_identify(aruco_localization/zed-ros2-examples/examples/zed_depth_to_laserscan) by extensions ['colcon_meta']
[0.457s] Level 1:colcon.colcon_core.package_identification:_identify(aruco_localization/zed-ros2-examples/examples/zed_depth_to_laserscan) by extension 'colcon_meta'
[0.457s] Level 1:colcon.colcon_core.package_identification:_identify(aruco_localization/zed-ros2-examples/examples/zed_depth_to_laserscan) by extensions ['ros']
[0.457s] Level 1:colcon.colcon_core.package_identification:_identify(aruco_localization/zed-ros2-examples/examples/zed_depth_to_laserscan) by extension 'ros'
[0.460s] DEBUG:colcon.colcon_core.package_identification:Package 'aruco_localization/zed-ros2-examples/examples/zed_depth_to_laserscan' with type 'ros.ament_cmake' and name 'zed_depth_to_laserscan'
[0.461s] Level 1:colcon.colcon_core.package_identification:_identify(aruco_localization/zed-ros2-examples/images) by extensions ['ignore', 'ignore_ament_install']
[0.461s] Level 1:colcon.colcon_core.package_identification:_identify(aruco_localization/zed-ros2-examples/images) by extension 'ignore'
[0.461s] Level 1:colcon.colcon_core.package_identification:_identify(aruco_localization/zed-ros2-examples/images) by extension 'ignore_ament_install'
[0.461s] Level 1:colcon.colcon_core.package_identification:_identify(aruco_localization/zed-ros2-examples/images) by extensions ['colcon_pkg']
[0.461s] Level 1:colcon.colcon_core.package_identification:_identify(aruco_localization/zed-ros2-examples/images) by extension 'colcon_pkg'
[0.461s] Level 1:colcon.colcon_core.package_identification:_identify(aruco_localization/zed-ros2-examples/images) by extensions ['colcon_meta']
[0.461s] Level 1:colcon.colcon_core.package_identification:_identify(aruco_localization/zed-ros2-examples/images) by extension 'colcon_meta'
[0.461s] Level 1:colcon.colcon_core.package_identification:_identify(aruco_localization/zed-ros2-examples/images) by extensions ['ros']
[0.461s] Level 1:colcon.colcon_core.package_identification:_identify(aruco_localization/zed-ros2-examples/images) by extension 'ros'
[0.461s] Level 1:colcon.colcon_core.package_identification:_identify(aruco_localization/zed-ros2-examples/images) by extensions ['cmake', 'python']
[0.461s] Level 1:colcon.colcon_core.package_identification:_identify(aruco_localization/zed-ros2-examples/images) by extension 'cmake'
[0.461s] Level 1:colcon.colcon_core.package_identification:_identify(aruco_localization/zed-ros2-examples/images) by extension 'python'
[0.461s] Level 1:colcon.colcon_core.package_identification:_identify(aruco_localization/zed-ros2-examples/images) by extensions ['python_setup_py']
[0.461s] Level 1:colcon.colcon_core.package_identification:_identify(aruco_localization/zed-ros2-examples/images) by extension 'python_setup_py'
[0.462s] Level 1:colcon.colcon_core.package_identification:_identify(aruco_localization/zed-ros2-examples/isaac_ros) by extensions ['ignore', 'ignore_ament_install']
[0.462s] Level 1:colcon.colcon_core.package_identification:_identify(aruco_localization/zed-ros2-examples/isaac_ros) by extension 'ignore'
[0.462s] Level 1:colcon.colcon_core.package_identification:_identify(aruco_localization/zed-ros2-examples/isaac_ros) by extension 'ignore_ament_install'
[0.462s] Level 1:colcon.colcon_core.package_identification:_identify(aruco_localization/zed-ros2-examples/isaac_ros) by extensions ['colcon_pkg']
[0.462s] Level 1:colcon.colcon_core.package_identification:_identify(aruco_localization/zed-ros2-examples/isaac_ros) by extension 'colcon_pkg'
[0.462s] Level 1:colcon.colcon_core.package_identification:_identify(aruco_localization/zed-ros2-examples/isaac_ros) by extensions ['colcon_meta']
[0.462s] Level 1:colcon.colcon_core.package_identification:_identify(aruco_localization/zed-ros2-examples/isaac_ros) by extension 'colcon_meta'
[0.462s] Level 1:colcon.colcon_core.package_identification:_identify(aruco_localization/zed-ros2-examples/isaac_ros) by extensions ['ros']
[0.462s] Level 1:colcon.colcon_core.package_identification:_identify(aruco_localization/zed-ros2-examples/isaac_ros) by extension 'ros'
[0.462s] Level 1:colcon.colcon_core.package_identification:_identify(aruco_localization/zed-ros2-examples/isaac_ros) by extensions ['cmake', 'python']
[0.462s] Level 1:colcon.colcon_core.package_identification:_identify(aruco_localization/zed-ros2-examples/isaac_ros) by extension 'cmake'
[0.463s] Level 1:colcon.colcon_core.package_identification:_identify(aruco_localization/zed-ros2-examples/isaac_ros) by extension 'python'
[0.463s] Level 1:colcon.colcon_core.package_identification:_identify(aruco_localization/zed-ros2-examples/isaac_ros) by extensions ['python_setup_py']
[0.463s] Level 1:colcon.colcon_core.package_identification:_identify(aruco_localization/zed-ros2-examples/isaac_ros) by extension 'python_setup_py'
[0.463s] Level 1:colcon.colcon_core.package_identification:_identify(aruco_localization/zed-ros2-examples/isaac_ros/zed_isaac_ros_april_tag) by extensions ['ignore', 'ignore_ament_install']
[0.463s] Level 1:colcon.colcon_core.package_identification:_identify(aruco_localization/zed-ros2-examples/isaac_ros/zed_isaac_ros_april_tag) by extension 'ignore'
[0.463s] Level 1:colcon.colcon_core.package_identification:_identify(aruco_localization/zed-ros2-examples/isaac_ros/zed_isaac_ros_april_tag) by extension 'ignore_ament_install'
[0.463s] Level 1:colcon.colcon_core.package_identification:_identify(aruco_localization/zed-ros2-examples/isaac_ros/zed_isaac_ros_april_tag) by extensions ['colcon_pkg']
[0.463s] Level 1:colcon.colcon_core.package_identification:_identify(aruco_localization/zed-ros2-examples/isaac_ros/zed_isaac_ros_april_tag) by extension 'colcon_pkg'
[0.463s] Level 1:colcon.colcon_core.package_identification:_identify(aruco_localization/zed-ros2-examples/isaac_ros/zed_isaac_ros_april_tag) by extensions ['colcon_meta']
[0.463s] Level 1:colcon.colcon_core.package_identification:_identify(aruco_localization/zed-ros2-examples/isaac_ros/zed_isaac_ros_april_tag) by extension 'colcon_meta'
[0.463s] Level 1:colcon.colcon_core.package_identification:_identify(aruco_localization/zed-ros2-examples/isaac_ros/zed_isaac_ros_april_tag) by extensions ['ros']
[0.463s] Level 1:colcon.colcon_core.package_identification:_identify(aruco_localization/zed-ros2-examples/isaac_ros/zed_isaac_ros_april_tag) by extension 'ros'
[0.465s] DEBUG:colcon.colcon_core.package_identification:Package 'aruco_localization/zed-ros2-examples/isaac_ros/zed_isaac_ros_april_tag' with type 'ros.ament_cmake' and name 'zed_isaac_ros_april_tag'
[0.465s] Level 1:colcon.colcon_core.package_identification:_identify(aruco_localization/zed-ros2-examples/isaac_ros/zed_isaac_ros_multi_camera) by extensions ['ignore', 'ignore_ament_install']
[0.465s] Level 1:colcon.colcon_core.package_identification:_identify(aruco_localization/zed-ros2-examples/isaac_ros/zed_isaac_ros_multi_camera) by extension 'ignore'
[0.465s] Level 1:colcon.colcon_core.package_identification:_identify(aruco_localization/zed-ros2-examples/isaac_ros/zed_isaac_ros_multi_camera) by extension 'ignore_ament_install'
[0.465s] Level 1:colcon.colcon_core.package_identification:_identify(aruco_localization/zed-ros2-examples/isaac_ros/zed_isaac_ros_multi_camera) by extensions ['colcon_pkg']
[0.466s] Level 1:colcon.colcon_core.package_identification:_identify(aruco_localization/zed-ros2-examples/isaac_ros/zed_isaac_ros_multi_camera) by extension 'colcon_pkg'
[0.466s] Level 1:colcon.colcon_core.package_identification:_identify(aruco_localization/zed-ros2-examples/isaac_ros/zed_isaac_ros_multi_camera) by extensions ['colcon_meta']
[0.466s] Level 1:colcon.colcon_core.package_identification:_identify(aruco_localization/zed-ros2-examples/isaac_ros/zed_isaac_ros_multi_camera) by extension 'colcon_meta'
[0.466s] Level 1:colcon.colcon_core.package_identification:_identify(aruco_localization/zed-ros2-examples/isaac_ros/zed_isaac_ros_multi_camera) by extensions ['ros']
[0.466s] Level 1:colcon.colcon_core.package_identification:_identify(aruco_localization/zed-ros2-examples/isaac_ros/zed_isaac_ros_multi_camera) by extension 'ros'
[0.467s] DEBUG:colcon.colcon_core.package_identification:Package 'aruco_localization/zed-ros2-examples/isaac_ros/zed_isaac_ros_multi_camera' with type 'ros.ament_cmake' and name 'zed_isaac_ros_multi_camera'
[0.467s] Level 1:colcon.colcon_core.package_identification:_identify(aruco_localization/zed-ros2-examples/isaac_ros/zed_isaac_ros_nitros_sub) by extensions ['ignore', 'ignore_ament_install']
[0.467s] Level 1:colcon.colcon_core.package_identification:_identify(aruco_localization/zed-ros2-examples/isaac_ros/zed_isaac_ros_nitros_sub) by extension 'ignore'
[0.467s] Level 1:colcon.colcon_core.package_identification:_identify(aruco_localization/zed-ros2-examples/isaac_ros/zed_isaac_ros_nitros_sub) by extension 'ignore_ament_install'
[0.467s] Level 1:colcon.colcon_core.package_identification:_identify(aruco_localization/zed-ros2-examples/isaac_ros/zed_isaac_ros_nitros_sub) by extensions ['colcon_pkg']
[0.467s] Level 1:colcon.colcon_core.package_identification:_identify(aruco_localization/zed-ros2-examples/isaac_ros/zed_isaac_ros_nitros_sub) by extension 'colcon_pkg'
[0.467s] Level 1:colcon.colcon_core.package_identification:_identify(aruco_localization/zed-ros2-examples/isaac_ros/zed_isaac_ros_nitros_sub) by extensions ['colcon_meta']
[0.467s] Level 1:colcon.colcon_core.package_identification:_identify(aruco_localization/zed-ros2-examples/isaac_ros/zed_isaac_ros_nitros_sub) by extension 'colcon_meta'
[0.468s] Level 1:colcon.colcon_core.package_identification:_identify(aruco_localization/zed-ros2-examples/isaac_ros/zed_isaac_ros_nitros_sub) by extensions ['ros']
[0.468s] Level 1:colcon.colcon_core.package_identification:_identify(aruco_localization/zed-ros2-examples/isaac_ros/zed_isaac_ros_nitros_sub) by extension 'ros'
[0.469s] DEBUG:colcon.colcon_core.package_identification:Package 'aruco_localization/zed-ros2-examples/isaac_ros/zed_isaac_ros_nitros_sub' with type 'ros.ament_cmake' and name 'zed_isaac_ros_nitros_sub'
[0.469s] Level 1:colcon.colcon_core.package_identification:_identify(aruco_localization/zed-ros2-examples/rviz-plugin-zed-od) by extensions ['ignore', 'ignore_ament_install']
[0.469s] Level 1:colcon.colcon_core.package_identification:_identify(aruco_localization/zed-ros2-examples/rviz-plugin-zed-od) by extension 'ignore'
[0.469s] Level 1:colcon.colcon_core.package_identification:_identify(aruco_localization/zed-ros2-examples/rviz-plugin-zed-od) by extension 'ignore_ament_install'
[0.469s] Level 1:colcon.colcon_core.package_identification:_identify(aruco_localization/zed-ros2-examples/rviz-plugin-zed-od) by extensions ['colcon_pkg']
[0.469s] Level 1:colcon.colcon_core.package_identification:_identify(aruco_localization/zed-ros2-examples/rviz-plugin-zed-od) by extension 'colcon_pkg'
[0.470s] Level 1:colcon.colcon_core.package_identification:_identify(aruco_localization/zed-ros2-examples/rviz-plugin-zed-od) by extensions ['colcon_meta']
[0.470s] Level 1:colcon.colcon_core.package_identification:_identify(aruco_localization/zed-ros2-examples/rviz-plugin-zed-od) by extension 'colcon_meta'
[0.470s] Level 1:colcon.colcon_core.package_identification:_identify(aruco_localization/zed-ros2-examples/rviz-plugin-zed-od) by extensions ['ros']
[0.470s] Level 1:colcon.colcon_core.package_identification:_identify(aruco_localization/zed-ros2-examples/rviz-plugin-zed-od) by extension 'ros'
[0.471s] DEBUG:colcon.colcon_core.package_identification:Package 'aruco_localization/zed-ros2-examples/rviz-plugin-zed-od' with type 'ros.ament_cmake' and name 'rviz_plugin_zed_od'
[0.471s] Level 1:colcon.colcon_core.package_identification:_identify(aruco_localization/zed-ros2-examples/tools) by extensions ['ignore', 'ignore_ament_install']
[0.472s] Level 1:colcon.colcon_core.package_identification:_identify(aruco_localization/zed-ros2-examples/tools) by extension 'ignore'
[0.472s] Level 1:colcon.colcon_core.package_identification:_identify(aruco_localization/zed-ros2-examples/tools) by extension 'ignore_ament_install'
[0.472s] Level 1:colcon.colcon_core.package_identification:_identify(aruco_localization/zed-ros2-examples/tools) by extensions ['colcon_pkg']
[0.472s] Level 1:colcon.colcon_core.package_identification:_identify(aruco_localization/zed-ros2-examples/tools) by extension 'colcon_pkg'
[0.472s] Level 1:colcon.colcon_core.package_identification:_identify(aruco_localization/zed-ros2-examples/tools) by extensions ['colcon_meta']
[0.472s] Level 1:colcon.colcon_core.package_identification:_identify(aruco_localization/zed-ros2-examples/tools) by extension 'colcon_meta'
[0.472s] Level 1:colcon.colcon_core.package_identification:_identify(aruco_localization/zed-ros2-examples/tools) by extensions ['ros']
[0.472s] Level 1:colcon.colcon_core.package_identification:_identify(aruco_localization/zed-ros2-examples/tools) by extension 'ros'
[0.472s] Level 1:colcon.colcon_core.package_identification:_identify(aruco_localization/zed-ros2-examples/tools) by extensions ['cmake', 'python']
[0.472s] Level 1:colcon.colcon_core.package_identification:_identify(aruco_localization/zed-ros2-examples/tools) by extension 'cmake'
[0.472s] Level 1:colcon.colcon_core.package_identification:_identify(aruco_localization/zed-ros2-examples/tools) by extension 'python'
[0.472s] Level 1:colcon.colcon_core.package_identification:_identify(aruco_localization/zed-ros2-examples/tools) by extensions ['python_setup_py']
[0.472s] Level 1:colcon.colcon_core.package_identification:_identify(aruco_localization/zed-ros2-examples/tools) by extension 'python_setup_py'
[0.472s] Level 1:colcon.colcon_core.package_identification:_identify(aruco_localization/zed-ros2-examples/tools/zed_benchmark) by extensions ['ignore', 'ignore_ament_install']
[0.473s] Level 1:colcon.colcon_core.package_identification:_identify(aruco_localization/zed-ros2-examples/tools/zed_benchmark) by extension 'ignore'
[0.473s] Level 1:colcon.colcon_core.package_identification:_identify(aruco_localization/zed-ros2-examples/tools/zed_benchmark) by extension 'ignore_ament_install'
[0.473s] Level 1:colcon.colcon_core.package_identification:_identify(aruco_localization/zed-ros2-examples/tools/zed_benchmark) by extensions ['colcon_pkg']
[0.473s] Level 1:colcon.colcon_core.package_identification:_identify(aruco_localization/zed-ros2-examples/tools/zed_benchmark) by extension 'colcon_pkg'
[0.473s] Level 1:colcon.colcon_core.package_identification:_identify(aruco_localization/zed-ros2-examples/tools/zed_benchmark) by extensions ['colcon_meta']
[0.473s] Level 1:colcon.colcon_core.package_identification:_identify(aruco_localization/zed-ros2-examples/tools/zed_benchmark) by extension 'colcon_meta'
[0.473s] Level 1:colcon.colcon_core.package_identification:_identify(aruco_localization/zed-ros2-examples/tools/zed_benchmark) by extensions ['ros']
[0.473s] Level 1:colcon.colcon_core.package_identification:_identify(aruco_localization/zed-ros2-examples/tools/zed_benchmark) by extension 'ros'
[0.474s] DEBUG:colcon.colcon_core.package_identification:Package 'aruco_localization/zed-ros2-examples/tools/zed_benchmark' with type 'ros.ament_cmake' and name 'zed_topic_benchmark'
[0.474s] Level 1:colcon.colcon_core.package_identification:_identify(aruco_localization/zed-ros2-examples/tools/zed_benchmark_component) by extensions ['ignore', 'ignore_ament_install']
[0.474s] Level 1:colcon.colcon_core.package_identification:_identify(aruco_localization/zed-ros2-examples/tools/zed_benchmark_component) by extension 'ignore'
[0.474s] Level 1:colcon.colcon_core.package_identification:_identify(aruco_localization/zed-ros2-examples/tools/zed_benchmark_component) by extension 'ignore_ament_install'
[0.475s] Level 1:colcon.colcon_core.package_identification:_identify(aruco_localization/zed-ros2-examples/tools/zed_benchmark_component) by extensions ['colcon_pkg']
[0.475s] Level 1:colcon.colcon_core.package_identification:_identify(aruco_localization/zed-ros2-examples/tools/zed_benchmark_component) by extension 'colcon_pkg'
[0.475s] Level 1:colcon.colcon_core.package_identification:_identify(aruco_localization/zed-ros2-examples/tools/zed_benchmark_component) by extensions ['colcon_meta']
[0.475s] Level 1:colcon.colcon_core.package_identification:_identify(aruco_localization/zed-ros2-examples/tools/zed_benchmark_component) by extension 'colcon_meta'
[0.475s] Level 1:colcon.colcon_core.package_identification:_identify(aruco_localization/zed-ros2-examples/tools/zed_benchmark_component) by extensions ['ros']
[0.475s] Level 1:colcon.colcon_core.package_identification:_identify(aruco_localization/zed-ros2-examples/tools/zed_benchmark_component) by extension 'ros'
[0.476s] DEBUG:colcon.colcon_core.package_identification:Package 'aruco_localization/zed-ros2-examples/tools/zed_benchmark_component' with type 'ros.ament_cmake' and name 'zed_topic_benchmark_component'
[0.476s] Level 1:colcon.colcon_core.package_identification:_identify(aruco_localization/zed-ros2-examples/tools/zed_benchmark_interfaces) by extensions ['ignore', 'ignore_ament_install']
[0.476s] Level 1:colcon.colcon_core.package_identification:_identify(aruco_localization/zed-ros2-examples/tools/zed_benchmark_interfaces) by extension 'ignore'
[0.476s] Level 1:colcon.colcon_core.package_identification:_identify(aruco_localization/zed-ros2-examples/tools/zed_benchmark_interfaces) by extension 'ignore_ament_install'
[0.476s] Level 1:colcon.colcon_core.package_identification:_identify(aruco_localization/zed-ros2-examples/tools/zed_benchmark_interfaces) by extensions ['colcon_pkg']
[0.476s] Level 1:colcon.colcon_core.package_identification:_identify(aruco_localization/zed-ros2-examples/tools/zed_benchmark_interfaces) by extension 'colcon_pkg'
[0.476s] Level 1:colcon.colcon_core.package_identification:_identify(aruco_localization/zed-ros2-examples/tools/zed_benchmark_interfaces) by extensions ['colcon_meta']
[0.476s] Level 1:colcon.colcon_core.package_identification:_identify(aruco_localization/zed-ros2-examples/tools/zed_benchmark_interfaces) by extension 'colcon_meta'
[0.477s] Level 1:colcon.colcon_core.package_identification:_identify(aruco_localization/zed-ros2-examples/tools/zed_benchmark_interfaces) by extensions ['ros']
[0.477s] Level 1:colcon.colcon_core.package_identification:_identify(aruco_localization/zed-ros2-examples/tools/zed_benchmark_interfaces) by extension 'ros'
[0.478s] DEBUG:colcon.colcon_core.package_identification:Package 'aruco_localization/zed-ros2-examples/tools/zed_benchmark_interfaces' with type 'ros.ament_cmake' and name 'zed_topic_benchmark_interfaces'
[0.478s] Level 1:colcon.colcon_core.package_identification:_identify(aruco_localization/zed-ros2-examples/tutorials) by extensions ['ignore', 'ignore_ament_install']
[0.478s] Level 1:colcon.colcon_core.package_identification:_identify(aruco_localization/zed-ros2-examples/tutorials) by extension 'ignore'
[0.478s] Level 1:colcon.colcon_core.package_identification:_identify(aruco_localization/zed-ros2-examples/tutorials) by extension 'ignore_ament_install'
[0.478s] Level 1:colcon.colcon_core.package_identification:_identify(aruco_localization/zed-ros2-examples/tutorials) by extensions ['colcon_pkg']
[0.478s] Level 1:colcon.colcon_core.package_identification:_identify(aruco_localization/zed-ros2-examples/tutorials) by extension 'colcon_pkg'
[0.478s] Level 1:colcon.colcon_core.package_identification:_identify(aruco_localization/zed-ros2-examples/tutorials) by extensions ['colcon_meta']
[0.478s] Level 1:colcon.colcon_core.package_identification:_identify(aruco_localization/zed-ros2-examples/tutorials) by extension 'colcon_meta'
[0.478s] Level 1:colcon.colcon_core.package_identification:_identify(aruco_localization/zed-ros2-examples/tutorials) by extensions ['ros']
[0.478s] Level 1:colcon.colcon_core.package_identification:_identify(aruco_localization/zed-ros2-examples/tutorials) by extension 'ros'
[0.479s] Level 1:colcon.colcon_core.package_identification:_identify(aruco_localization/zed-ros2-examples/tutorials) by extensions ['cmake', 'python']
[0.479s] Level 1:colcon.colcon_core.package_identification:_identify(aruco_localization/zed-ros2-examples/tutorials) by extension 'cmake'
[0.479s] Level 1:colcon.colcon_core.package_identification:_identify(aruco_localization/zed-ros2-examples/tutorials) by extension 'python'
[0.479s] Level 1:colcon.colcon_core.package_identification:_identify(aruco_localization/zed-ros2-examples/tutorials) by extensions ['python_setup_py']
[0.479s] Level 1:colcon.colcon_core.package_identification:_identify(aruco_localization/zed-ros2-examples/tutorials) by extension 'python_setup_py'
[0.479s] Level 1:colcon.colcon_core.package_identification:_identify(aruco_localization/zed-ros2-examples/tutorials/zed_depth_tutorial) by extensions ['ignore', 'ignore_ament_install']
[0.479s] Level 1:colcon.colcon_core.package_identification:_identify(aruco_localization/zed-ros2-examples/tutorials/zed_depth_tutorial) by extension 'ignore'
[0.479s] Level 1:colcon.colcon_core.package_identification:_identify(aruco_localization/zed-ros2-examples/tutorials/zed_depth_tutorial) by extension 'ignore_ament_install'
[0.479s] Level 1:colcon.colcon_core.package_identification:_identify(aruco_localization/zed-ros2-examples/tutorials/zed_depth_tutorial) by extensions ['colcon_pkg']
[0.479s] Level 1:colcon.colcon_core.package_identification:_identify(aruco_localization/zed-ros2-examples/tutorials/zed_depth_tutorial) by extension 'colcon_pkg'
[0.479s] Level 1:colcon.colcon_core.package_identification:_identify(aruco_localization/zed-ros2-examples/tutorials/zed_depth_tutorial) by extensions ['colcon_meta']
[0.479s] Level 1:colcon.colcon_core.package_identification:_identify(aruco_localization/zed-ros2-examples/tutorials/zed_depth_tutorial) by extension 'colcon_meta'
[0.479s] Level 1:colcon.colcon_core.package_identification:_identify(aruco_localization/zed-ros2-examples/tutorials/zed_depth_tutorial) by extensions ['ros']
[0.479s] Level 1:colcon.colcon_core.package_identification:_identify(aruco_localization/zed-ros2-examples/tutorials/zed_depth_tutorial) by extension 'ros'
[0.481s] DEBUG:colcon.colcon_core.package_identification:Package 'aruco_localization/zed-ros2-examples/tutorials/zed_depth_tutorial' with type 'ros.ament_cmake' and name 'zed_tutorial_depth'
[0.481s] Level 1:colcon.colcon_core.package_identification:_identify(aruco_localization/zed-ros2-examples/tutorials/zed_ipc) by extensions ['ignore', 'ignore_ament_install']
[0.481s] Level 1:colcon.colcon_core.package_identification:_identify(aruco_localization/zed-ros2-examples/tutorials/zed_ipc) by extension 'ignore'
[0.481s] Level 1:colcon.colcon_core.package_identification:_identify(aruco_localization/zed-ros2-examples/tutorials/zed_ipc) by extension 'ignore_ament_install'
[0.481s] Level 1:colcon.colcon_core.package_identification:_identify(aruco_localization/zed-ros2-examples/tutorials/zed_ipc) by extensions ['colcon_pkg']
[0.481s] Level 1:colcon.colcon_core.package_identification:_identify(aruco_localization/zed-ros2-examples/tutorials/zed_ipc) by extension 'colcon_pkg'
[0.481s] Level 1:colcon.colcon_core.package_identification:_identify(aruco_localization/zed-ros2-examples/tutorials/zed_ipc) by extensions ['colcon_meta']
[0.481s] Level 1:colcon.colcon_core.package_identification:_identify(aruco_localization/zed-ros2-examples/tutorials/zed_ipc) by extension 'colcon_meta'
[0.482s] Level 1:colcon.colcon_core.package_identification:_identify(aruco_localization/zed-ros2-examples/tutorials/zed_ipc) by extensions ['ros']
[0.482s] Level 1:colcon.colcon_core.package_identification:_identify(aruco_localization/zed-ros2-examples/tutorials/zed_ipc) by extension 'ros'
[0.483s] DEBUG:colcon.colcon_core.package_identification:Package 'aruco_localization/zed-ros2-examples/tutorials/zed_ipc' with type 'ros.ament_cmake' and name 'zed_ipc'
[0.483s] Level 1:colcon.colcon_core.package_identification:_identify(aruco_localization/zed-ros2-examples/tutorials/zed_multi_camera) by extensions ['ignore', 'ignore_ament_install']
[0.483s] Level 1:colcon.colcon_core.package_identification:_identify(aruco_localization/zed-ros2-examples/tutorials/zed_multi_camera) by extension 'ignore'
[0.483s] Level 1:colcon.colcon_core.package_identification:_identify(aruco_localization/zed-ros2-examples/tutorials/zed_multi_camera) by extension 'ignore_ament_install'
[0.483s] Level 1:colcon.colcon_core.package_identification:_identify(aruco_localization/zed-ros2-examples/tutorials/zed_multi_camera) by extensions ['colcon_pkg']
[0.483s] Level 1:colcon.colcon_core.package_identification:_identify(aruco_localization/zed-ros2-examples/tutorials/zed_multi_camera) by extension 'colcon_pkg'
[0.483s] Level 1:colcon.colcon_core.package_identification:_identify(aruco_localization/zed-ros2-examples/tutorials/zed_multi_camera) by extensions ['colcon_meta']
[0.484s] Level 1:colcon.colcon_core.package_identification:_identify(aruco_localization/zed-ros2-examples/tutorials/zed_multi_camera) by extension 'colcon_meta'
[0.484s] Level 1:colcon.colcon_core.package_identification:_identify(aruco_localization/zed-ros2-examples/tutorials/zed_multi_camera) by extensions ['ros']
[0.484s] Level 1:colcon.colcon_core.package_identification:_identify(aruco_localization/zed-ros2-examples/tutorials/zed_multi_camera) by extension 'ros'
[0.485s] DEBUG:colcon.colcon_core.package_identification:Package 'aruco_localization/zed-ros2-examples/tutorials/zed_multi_camera' with type 'ros.ament_cmake' and name 'zed_multi_camera'
[0.485s] Level 1:colcon.colcon_core.package_identification:_identify(aruco_localization/zed-ros2-examples/tutorials/zed_pose_tutorial) by extensions ['ignore', 'ignore_ament_install']
[0.485s] Level 1:colcon.colcon_core.package_identification:_identify(aruco_localization/zed-ros2-examples/tutorials/zed_pose_tutorial) by extension 'ignore'
[0.485s] Level 1:colcon.colcon_core.package_identification:_identify(aruco_localization/zed-ros2-examples/tutorials/zed_pose_tutorial) by extension 'ignore_ament_install'
[0.485s] Level 1:colcon.colcon_core.package_identification:_identify(aruco_localization/zed-ros2-examples/tutorials/zed_pose_tutorial) by extensions ['colcon_pkg']
[0.485s] Level 1:colcon.colcon_core.package_identification:_identify(aruco_localization/zed-ros2-examples/tutorials/zed_pose_tutorial) by extension 'colcon_pkg'
[0.485s] Level 1:colcon.colcon_core.package_identification:_identify(aruco_localization/zed-ros2-examples/tutorials/zed_pose_tutorial) by extensions ['colcon_meta']
[0.485s] Level 1:colcon.colcon_core.package_identification:_identify(aruco_localization/zed-ros2-examples/tutorials/zed_pose_tutorial) by extension 'colcon_meta'
[0.485s] Level 1:colcon.colcon_core.package_identification:_identify(aruco_localization/zed-ros2-examples/tutorials/zed_pose_tutorial) by extensions ['ros']
[0.485s] Level 1:colcon.colcon_core.package_identification:_identify(aruco_localization/zed-ros2-examples/tutorials/zed_pose_tutorial) by extension 'ros'
[0.487s] DEBUG:colcon.colcon_core.package_identification:Package 'aruco_localization/zed-ros2-examples/tutorials/zed_pose_tutorial' with type 'ros.ament_cmake' and name 'zed_tutorial_pos_tracking'
[0.487s] Level 1:colcon.colcon_core.package_identification:_identify(aruco_localization/zed-ros2-examples/tutorials/zed_rgb_convert) by extensions ['ignore', 'ignore_ament_install']
[0.487s] Level 1:colcon.colcon_core.package_identification:_identify(aruco_localization/zed-ros2-examples/tutorials/zed_rgb_convert) by extension 'ignore'
[0.487s] Level 1:colcon.colcon_core.package_identification:_identify(aruco_localization/zed-ros2-examples/tutorials/zed_rgb_convert) by extension 'ignore_ament_install'
[0.487s] Level 1:colcon.colcon_core.package_identification:_identify(aruco_localization/zed-ros2-examples/tutorials/zed_rgb_convert) by extensions ['colcon_pkg']
[0.487s] Level 1:colcon.colcon_core.package_identification:_identify(aruco_localization/zed-ros2-examples/tutorials/zed_rgb_convert) by extension 'colcon_pkg'
[0.487s] Level 1:colcon.colcon_core.package_identification:_identify(aruco_localization/zed-ros2-examples/tutorials/zed_rgb_convert) by extensions ['colcon_meta']
[0.487s] Level 1:colcon.colcon_core.package_identification:_identify(aruco_localization/zed-ros2-examples/tutorials/zed_rgb_convert) by extension 'colcon_meta'
[0.487s] Level 1:colcon.colcon_core.package_identification:_identify(aruco_localization/zed-ros2-examples/tutorials/zed_rgb_convert) by extensions ['ros']
[0.487s] Level 1:colcon.colcon_core.package_identification:_identify(aruco_localization/zed-ros2-examples/tutorials/zed_rgb_convert) by extension 'ros'
[0.489s] DEBUG:colcon.colcon_core.package_identification:Package 'aruco_localization/zed-ros2-examples/tutorials/zed_rgb_convert' with type 'ros.ament_cmake' and name 'zed_rgb_convert'
[0.489s] Level 1:colcon.colcon_core.package_identification:_identify(aruco_localization/zed-ros2-examples/tutorials/zed_robot_integration) by extensions ['ignore', 'ignore_ament_install']
[0.489s] Level 1:colcon.colcon_core.package_identification:_identify(aruco_localization/zed-ros2-examples/tutorials/zed_robot_integration) by extension 'ignore'
[0.489s] Level 1:colcon.colcon_core.package_identification:_identify(aruco_localization/zed-ros2-examples/tutorials/zed_robot_integration) by extension 'ignore_ament_install'
[0.489s] Level 1:colcon.colcon_core.package_identification:_identify(aruco_localization/zed-ros2-examples/tutorials/zed_robot_integration) by extensions ['colcon_pkg']
[0.489s] Level 1:colcon.colcon_core.package_identification:_identify(aruco_localization/zed-ros2-examples/tutorials/zed_robot_integration) by extension 'colcon_pkg'
[0.489s] Level 1:colcon.colcon_core.package_identification:_identify(aruco_localization/zed-ros2-examples/tutorials/zed_robot_integration) by extensions ['colcon_meta']
[0.489s] Level 1:colcon.colcon_core.package_identification:_identify(aruco_localization/zed-ros2-examples/tutorials/zed_robot_integration) by extension 'colcon_meta'
[0.489s] Level 1:colcon.colcon_core.package_identification:_identify(aruco_localization/zed-ros2-examples/tutorials/zed_robot_integration) by extensions ['ros']
[0.489s] Level 1:colcon.colcon_core.package_identification:_identify(aruco_localization/zed-ros2-examples/tutorials/zed_robot_integration) by extension 'ros'
[0.490s] DEBUG:colcon.colcon_core.package_identification:Package 'aruco_localization/zed-ros2-examples/tutorials/zed_robot_integration' with type 'ros.ament_cmake' and name 'zed_robot_integration'
[0.491s] Level 1:colcon.colcon_core.package_identification:_identify(aruco_localization/zed-ros2-examples/tutorials/zed_video_tutorial) by extensions ['ignore', 'ignore_ament_install']
[0.491s] Level 1:colcon.colcon_core.package_identification:_identify(aruco_localization/zed-ros2-examples/tutorials/zed_video_tutorial) by extension 'ignore'
[0.491s] Level 1:colcon.colcon_core.package_identification:_identify(aruco_localization/zed-ros2-examples/tutorials/zed_video_tutorial) by extension 'ignore_ament_install'
[0.491s] Level 1:colcon.colcon_core.package_identification:_identify(aruco_localization/zed-ros2-examples/tutorials/zed_video_tutorial) by extensions ['colcon_pkg']
[0.491s] Level 1:colcon.colcon_core.package_identification:_identify(aruco_localization/zed-ros2-examples/tutorials/zed_video_tutorial) by extension 'colcon_pkg'
[0.491s] Level 1:colcon.colcon_core.package_identification:_identify(aruco_localization/zed-ros2-examples/tutorials/zed_video_tutorial) by extensions ['colcon_meta']
[0.491s] Level 1:colcon.colcon_core.package_identification:_identify(aruco_localization/zed-ros2-examples/tutorials/zed_video_tutorial) by extension 'colcon_meta'
[0.491s] Level 1:colcon.colcon_core.package_identification:_identify(aruco_localization/zed-ros2-examples/tutorials/zed_video_tutorial) by extensions ['ros']
[0.491s] Level 1:colcon.colcon_core.package_identification:_identify(aruco_localization/zed-ros2-examples/tutorials/zed_video_tutorial) by extension 'ros'
[0.492s] DEBUG:colcon.colcon_core.package_identification:Package 'aruco_localization/zed-ros2-examples/tutorials/zed_video_tutorial' with type 'ros.ament_cmake' and name 'zed_tutorial_video'
[0.492s] Level 1:colcon.colcon_core.package_identification:_identify(aruco_localization/zed-ros2-examples/zed_display_foxglove) by extensions ['ignore', 'ignore_ament_install']
[0.492s] Level 1:colcon.colcon_core.package_identification:_identify(aruco_localization/zed-ros2-examples/zed_display_foxglove) by extension 'ignore'
[0.493s] Level 1:colcon.colcon_core.package_identification:_identify(aruco_localization/zed-ros2-examples/zed_display_foxglove) by extension 'ignore_ament_install'
[0.493s] Level 1:colcon.colcon_core.package_identification:_identify(aruco_localization/zed-ros2-examples/zed_display_foxglove) by extensions ['colcon_pkg']
[0.493s] Level 1:colcon.colcon_core.package_identification:_identify(aruco_localization/zed-ros2-examples/zed_display_foxglove) by extension 'colcon_pkg'
[0.493s] Level 1:colcon.colcon_core.package_identification:_identify(aruco_localization/zed-ros2-examples/zed_display_foxglove) by extensions ['colcon_meta']
[0.493s] Level 1:colcon.colcon_core.package_identification:_identify(aruco_localization/zed-ros2-examples/zed_display_foxglove) by extension 'colcon_meta'
[0.493s] Level 1:colcon.colcon_core.package_identification:_identify(aruco_localization/zed-ros2-examples/zed_display_foxglove) by extensions ['ros']
[0.493s] Level 1:colcon.colcon_core.package_identification:_identify(aruco_localization/zed-ros2-examples/zed_display_foxglove) by extension 'ros'
[0.493s] Level 1:colcon.colcon_core.package_identification:_identify(aruco_localization/zed-ros2-examples/zed_display_foxglove) by extensions ['cmake', 'python']
[0.493s] Level 1:colcon.colcon_core.package_identification:_identify(aruco_localization/zed-ros2-examples/zed_display_foxglove) by extension 'cmake'
[0.493s] Level 1:colcon.colcon_core.package_identification:_identify(aruco_localization/zed-ros2-examples/zed_display_foxglove) by extension 'python'
[0.493s] Level 1:colcon.colcon_core.package_identification:_identify(aruco_localization/zed-ros2-examples/zed_display_foxglove) by extensions ['python_setup_py']
[0.493s] Level 1:colcon.colcon_core.package_identification:_identify(aruco_localization/zed-ros2-examples/zed_display_foxglove) by extension 'python_setup_py'
[0.493s] Level 1:colcon.colcon_core.package_identification:_identify(aruco_localization/zed-ros2-examples/zed_display_foxglove/images) by extensions ['ignore', 'ignore_ament_install']
[0.493s] Level 1:colcon.colcon_core.package_identification:_identify(aruco_localization/zed-ros2-examples/zed_display_foxglove/images) by extension 'ignore'
[0.493s] Level 1:colcon.colcon_core.package_identification:_identify(aruco_localization/zed-ros2-examples/zed_display_foxglove/images) by extension 'ignore_ament_install'
[0.494s] Level 1:colcon.colcon_core.package_identification:_identify(aruco_localization/zed-ros2-examples/zed_display_foxglove/images) by extensions ['colcon_pkg']
[0.494s] Level 1:colcon.colcon_core.package_identification:_identify(aruco_localization/zed-ros2-examples/zed_display_foxglove/images) by extension 'colcon_pkg'
[0.494s] Level 1:colcon.colcon_core.package_identification:_identify(aruco_localization/zed-ros2-examples/zed_display_foxglove/images) by extensions ['colcon_meta']
[0.494s] Level 1:colcon.colcon_core.package_identification:_identify(aruco_localization/zed-ros2-examples/zed_display_foxglove/images) by extension 'colcon_meta'
[0.494s] Level 1:colcon.colcon_core.package_identification:_identify(aruco_localization/zed-ros2-examples/zed_display_foxglove/images) by extensions ['ros']
[0.494s] Level 1:colcon.colcon_core.package_identification:_identify(aruco_localization/zed-ros2-examples/zed_display_foxglove/images) by extension 'ros'
[0.494s] Level 1:colcon.colcon_core.package_identification:_identify(aruco_localization/zed-ros2-examples/zed_display_foxglove/images) by extensions ['cmake', 'python']
[0.494s] Level 1:colcon.colcon_core.package_identification:_identify(aruco_localization/zed-ros2-examples/zed_display_foxglove/images) by extension 'cmake'
[0.494s] Level 1:colcon.colcon_core.package_identification:_identify(aruco_localization/zed-ros2-examples/zed_display_foxglove/images) by extension 'python'
[0.494s] Level 1:colcon.colcon_core.package_identification:_identify(aruco_localization/zed-ros2-examples/zed_display_foxglove/images) by extensions ['python_setup_py']
[0.494s] Level 1:colcon.colcon_core.package_identification:_identify(aruco_localization/zed-ros2-examples/zed_display_foxglove/images) by extension 'python_setup_py'
[0.494s] Level 1:colcon.colcon_core.package_identification:_identify(aruco_localization/zed-ros2-examples/zed_display_foxglove/layouts) by extensions ['ignore', 'ignore_ament_install']
[0.494s] Level 1:colcon.colcon_core.package_identification:_identify(aruco_localization/zed-ros2-examples/zed_display_foxglove/layouts) by extension 'ignore'
[0.494s] Level 1:colcon.colcon_core.package_identification:_identify(aruco_localization/zed-ros2-examples/zed_display_foxglove/layouts) by extension 'ignore_ament_install'
[0.494s] Level 1:colcon.colcon_core.package_identification:_identify(aruco_localization/zed-ros2-examples/zed_display_foxglove/layouts) by extensions ['colcon_pkg']
[0.494s] Level 1:colcon.colcon_core.package_identification:_identify(aruco_localization/zed-ros2-examples/zed_display_foxglove/layouts) by extension 'colcon_pkg'
[0.494s] Level 1:colcon.colcon_core.package_identification:_identify(aruco_localization/zed-ros2-examples/zed_display_foxglove/layouts) by extensions ['colcon_meta']
[0.495s] Level 1:colcon.colcon_core.package_identification:_identify(aruco_localization/zed-ros2-examples/zed_display_foxglove/layouts) by extension 'colcon_meta'
[0.495s] Level 1:colcon.colcon_core.package_identification:_identify(aruco_localization/zed-ros2-examples/zed_display_foxglove/layouts) by extensions ['ros']
[0.495s] Level 1:colcon.colcon_core.package_identification:_identify(aruco_localization/zed-ros2-examples/zed_display_foxglove/layouts) by extension 'ros'
[0.495s] Level 1:colcon.colcon_core.package_identification:_identify(aruco_localization/zed-ros2-examples/zed_display_foxglove/layouts) by extensions ['cmake', 'python']
[0.495s] Level 1:colcon.colcon_core.package_identification:_identify(aruco_localization/zed-ros2-examples/zed_display_foxglove/layouts) by extension 'cmake'
[0.495s] Level 1:colcon.colcon_core.package_identification:_identify(aruco_localization/zed-ros2-examples/zed_display_foxglove/layouts) by extension 'python'
[0.495s] Level 1:colcon.colcon_core.package_identification:_identify(aruco_localization/zed-ros2-examples/zed_display_foxglove/layouts) by extensions ['python_setup_py']
[0.495s] Level 1:colcon.colcon_core.package_identification:_identify(aruco_localization/zed-ros2-examples/zed_display_foxglove/layouts) by extension 'python_setup_py'
[0.495s] Level 1:colcon.colcon_core.package_identification:_identify(aruco_localization/zed-ros2-examples/zed_display_rviz2) by extensions ['ignore', 'ignore_ament_install']
[0.495s] Level 1:colcon.colcon_core.package_identification:_identify(aruco_localization/zed-ros2-examples/zed_display_rviz2) by extension 'ignore'
[0.495s] Level 1:colcon.colcon_core.package_identification:_identify(aruco_localization/zed-ros2-examples/zed_display_rviz2) by extension 'ignore_ament_install'
[0.495s] Level 1:colcon.colcon_core.package_identification:_identify(aruco_localization/zed-ros2-examples/zed_display_rviz2) by extensions ['colcon_pkg']
[0.495s] Level 1:colcon.colcon_core.package_identification:_identify(aruco_localization/zed-ros2-examples/zed_display_rviz2) by extension 'colcon_pkg'
[0.495s] Level 1:colcon.colcon_core.package_identification:_identify(aruco_localization/zed-ros2-examples/zed_display_rviz2) by extensions ['colcon_meta']
[0.495s] Level 1:colcon.colcon_core.package_identification:_identify(aruco_localization/zed-ros2-examples/zed_display_rviz2) by extension 'colcon_meta'
[0.496s] Level 1:colcon.colcon_core.package_identification:_identify(aruco_localization/zed-ros2-examples/zed_display_rviz2) by extensions ['ros']
[0.496s] Level 1:colcon.colcon_core.package_identification:_identify(aruco_localization/zed-ros2-examples/zed_display_rviz2) by extension 'ros'
[0.497s] DEBUG:colcon.colcon_core.package_identification:Package 'aruco_localization/zed-ros2-examples/zed_display_rviz2' with type 'ros.ament_cmake' and name 'zed_display_rviz2'
[0.498s] Level 1:colcon.colcon_core.package_identification:_identify(build) by extensions ['ignore', 'ignore_ament_install']
[0.498s] Level 1:colcon.colcon_core.package_identification:_identify(build) by extension 'ignore'
[0.498s] Level 1:colcon.colcon_core.package_identification:_identify(build) ignored
[0.498s] Level 1:colcon.colcon_core.package_identification:_identify(campus_maps) by extensions ['ignore', 'ignore_ament_install']
[0.498s] Level 1:colcon.colcon_core.package_identification:_identify(campus_maps) by extension 'ignore'
[0.498s] Level 1:colcon.colcon_core.package_identification:_identify(campus_maps) by extension 'ignore_ament_install'
[0.498s] Level 1:colcon.colcon_core.package_identification:_identify(campus_maps) by extensions ['colcon_pkg']
[0.498s] Level 1:colcon.colcon_core.package_identification:_identify(campus_maps) by extension 'colcon_pkg'
[0.498s] Level 1:colcon.colcon_core.package_identification:_identify(campus_maps) by extensions ['colcon_meta']
[0.498s] Level 1:colcon.colcon_core.package_identification:_identify(campus_maps) by extension 'colcon_meta'
[0.498s] Level 1:colcon.colcon_core.package_identification:_identify(campus_maps) by extensions ['ros']
[0.498s] Level 1:colcon.colcon_core.package_identification:_identify(campus_maps) by extension 'ros'
[0.499s] DEBUG:colcon.colcon_core.package_identification:Package 'campus_maps' with type 'ros.ament_python' and name 'campus_maps'
[0.500s] Level 1:colcon.colcon_core.package_identification:_identify(install) by extensions ['ignore', 'ignore_ament_install']
[0.500s] Level 1:colcon.colcon_core.package_identification:_identify(install) by extension 'ignore'
[0.500s] Level 1:colcon.colcon_core.package_identification:_identify(install) ignored
[0.500s] Level 1:colcon.colcon_core.package_identification:_identify(log) by extensions ['ignore', 'ignore_ament_install']
[0.500s] Level 1:colcon.colcon_core.package_identification:_identify(log) by extension 'ignore'
[0.500s] Level 1:colcon.colcon_core.package_identification:_identify(log) ignored
[0.500s] Level 1:colcon.colcon_core.package_identification:_identify(zed-ros2-wrapper) by extensions ['ignore', 'ignore_ament_install']
[0.500s] Level 1:colcon.colcon_core.package_identification:_identify(zed-ros2-wrapper) by extension 'ignore'
[0.500s] Level 1:colcon.colcon_core.package_identification:_identify(zed-ros2-wrapper) by extension 'ignore_ament_install'
[0.500s] Level 1:colcon.colcon_core.package_identification:_identify(zed-ros2-wrapper) by extensions ['colcon_pkg']
[0.500s] Level 1:colcon.colcon_core.package_identification:_identify(zed-ros2-wrapper) by extension 'colcon_pkg'
[0.500s] Level 1:colcon.colcon_core.package_identification:_identify(zed-ros2-wrapper) by extensions ['colcon_meta']
[0.500s] Level 1:colcon.colcon_core.package_identification:_identify(zed-ros2-wrapper) by extension 'colcon_meta'
[0.500s] Level 1:colcon.colcon_core.package_identification:_identify(zed-ros2-wrapper) by extensions ['ros']
[0.500s] Level 1:colcon.colcon_core.package_identification:_identify(zed-ros2-wrapper) by extension 'ros'
[0.501s] Level 1:colcon.colcon_core.package_identification:_identify(zed-ros2-wrapper) by extensions ['cmake', 'python']
[0.501s] Level 1:colcon.colcon_core.package_identification:_identify(zed-ros2-wrapper) by extension 'cmake'
[0.501s] Level 1:colcon.colcon_core.package_identification:_identify(zed-ros2-wrapper) by extension 'python'
[0.501s] Level 1:colcon.colcon_core.package_identification:_identify(zed-ros2-wrapper) by extensions ['python_setup_py']
[0.501s] Level 1:colcon.colcon_core.package_identification:_identify(zed-ros2-wrapper) by extension 'python_setup_py'
[0.501s] Level 1:colcon.colcon_core.package_identification:_identify(zed_aruco_localization) by extensions ['ignore', 'ignore_ament_install']
[0.501s] Level 1:colcon.colcon_core.package_identification:_identify(zed_aruco_localization) by extension 'ignore'
[0.501s] Level 1:colcon.colcon_core.package_identification:_identify(zed_aruco_localization) by extension 'ignore_ament_install'
[0.501s] Level 1:colcon.colcon_core.package_identification:_identify(zed_aruco_localization) by extensions ['colcon_pkg']
[0.501s] Level 1:colcon.colcon_core.package_identification:_identify(zed_aruco_localization) by extension 'colcon_pkg'
[0.501s] Level 1:colcon.colcon_core.package_identification:_identify(zed_aruco_localization) by extensions ['colcon_meta']
[0.501s] Level 1:colcon.colcon_core.package_identification:_identify(zed_aruco_localization) by extension 'colcon_meta'
[0.501s] Level 1:colcon.colcon_core.package_identification:_identify(zed_aruco_localization) by extensions ['ros']
[0.501s] Level 1:colcon.colcon_core.package_identification:_identify(zed_aruco_localization) by extension 'ros'
[0.503s] DEBUG:colcon.colcon_core.package_identification:Package 'zed_aruco_localization' with type 'ros.ament_cmake' and name 'zed_aruco_localization'
[0.503s] Level 1:colcon.colcon_core.package_discovery:discover_packages(recursive) using defaults
[0.503s] Level 1:colcon.colcon_core.package_discovery:discover_packages(ignore) discover
[0.503s] Level 1:colcon.colcon_core.package_discovery:discover_packages(ignore) using defaults
[0.503s] Level 1:colcon.colcon_core.package_discovery:discover_packages(path) discover
[0.503s] Level 1:colcon.colcon_core.package_discovery:discover_packages(path) using defaults
[0.542s] INFO:colcon.colcon_core.package_selection:Skipping not selected package 'rviz_plugin_zed_od' in 'aruco_localization/zed-ros2-examples/rviz-plugin-zed-od'
[0.542s] INFO:colcon.colcon_core.package_selection:Skipping not selected package 'zed_aruco_localization' in 'zed_aruco_localization'
[0.542s] INFO:colcon.colcon_core.package_selection:Skipping not selected package 'zed_aruco_localization' in 'aruco_localization/zed-ros2-examples/examples/zed_aruco_localization'
[0.542s] INFO:colcon.colcon_core.package_selection:Skipping not selected package 'zed_depth_to_laserscan' in 'aruco_localization/zed-ros2-examples/examples/zed_depth_to_laserscan'
[0.542s] INFO:colcon.colcon_core.package_selection:Skipping not selected package 'zed_display_rviz2' in 'aruco_localization/zed-ros2-examples/zed_display_rviz2'
[0.542s] INFO:colcon.colcon_core.package_selection:Skipping not selected package 'zed_isaac_ros_april_tag' in 'aruco_localization/zed-ros2-examples/isaac_ros/zed_isaac_ros_april_tag'
[0.542s] INFO:colcon.colcon_core.package_selection:Skipping not selected package 'zed_isaac_ros_multi_camera' in 'aruco_localization/zed-ros2-examples/isaac_ros/zed_isaac_ros_multi_camera'
[0.542s] INFO:colcon.colcon_core.package_selection:Skipping not selected package 'zed_isaac_ros_nitros_sub' in 'aruco_localization/zed-ros2-examples/isaac_ros/zed_isaac_ros_nitros_sub'
[0.542s] INFO:colcon.colcon_core.package_selection:Skipping not selected package 'zed_multi_camera' in 'aruco_localization/zed-ros2-examples/tutorials/zed_multi_camera'
[0.542s] INFO:colcon.colcon_core.package_selection:Skipping not selected package 'zed_rgb_convert' in 'aruco_localization/zed-ros2-examples/tutorials/zed_rgb_convert'
[0.542s] INFO:colcon.colcon_core.package_selection:Skipping not selected package 'zed_robot_integration' in 'aruco_localization/zed-ros2-examples/tutorials/zed_robot_integration'
[0.542s] INFO:colcon.colcon_core.package_selection:Skipping not selected package 'zed_topic_benchmark_interfaces' in 'aruco_localization/zed-ros2-examples/tools/zed_benchmark_interfaces'
[0.542s] INFO:colcon.colcon_core.package_selection:Skipping not selected package 'zed_tutorial_depth' in 'aruco_localization/zed-ros2-examples/tutorials/zed_depth_tutorial'
[0.542s] INFO:colcon.colcon_core.package_selection:Skipping not selected package 'zed_tutorial_pos_tracking' in 'aruco_localization/zed-ros2-examples/tutorials/zed_pose_tutorial'
[0.542s] INFO:colcon.colcon_core.package_selection:Skipping not selected package 'zed_tutorial_video' in 'aruco_localization/zed-ros2-examples/tutorials/zed_video_tutorial'
[0.542s] INFO:colcon.colcon_core.package_selection:Skipping not selected package 'zed_ipc' in 'aruco_localization/zed-ros2-examples/tutorials/zed_ipc'
[0.542s] INFO:colcon.colcon_core.package_selection:Skipping not selected package 'zed_topic_benchmark_component' in 'aruco_localization/zed-ros2-examples/tools/zed_benchmark_component'
[0.542s] INFO:colcon.colcon_core.package_selection:Skipping not selected package 'zed_topic_benchmark' in 'aruco_localization/zed-ros2-examples/tools/zed_benchmark'
[0.543s] Level 1:colcon.colcon_core.package_discovery:discover_packages(prefix_path) check parameters
[0.543s] Level 1:colcon.colcon_core.package_discovery:discover_packages(prefix_path) discover
[0.545s] Level 1:colcon.colcon_core.package_discovery:discover_packages(prefix_path) using defaults
[0.547s] Level 5:colcon.colcon_core.verb:set package 'campus_maps' build argument 'cmake_args' from command line to 'None'
[0.547s] Level 5:colcon.colcon_core.verb:set package 'campus_maps' build argument 'cmake_target' from command line to 'None'
[0.547s] Level 5:colcon.colcon_core.verb:set package 'campus_maps' build argument 'cmake_target_skip_unavailable' from command line to 'False'
[0.547s] Level 5:colcon.colcon_core.verb:set package 'campus_maps' build argument 'cmake_clean_cache' from command line to 'False'
[0.547s] Level 5:colcon.colcon_core.verb:set package 'campus_maps' build argument 'cmake_clean_first' from command line to 'False'
[0.547s] Level 5:colcon.colcon_core.verb:set package 'campus_maps' build argument 'cmake_force_configure' from command line to 'False'
[0.547s] Level 5:colcon.colcon_core.verb:set package 'campus_maps' build argument 'ament_cmake_args' from command line to 'None'
[0.547s] Level 5:colcon.colcon_core.verb:set package 'campus_maps' build argument 'catkin_cmake_args' from command line to 'None'
[0.547s] Level 5:colcon.colcon_core.verb:set package 'campus_maps' build argument 'catkin_skip_building_tests' from command line to 'False'
[0.547s] DEBUG:colcon.colcon_core.verb:Building package 'campus_maps' with the following arguments: {'ament_cmake_args': None, 'build_base': '/home/lalithesh/major_project/MATERIAL_TRANSFER_ROBOT_2026/CODE/ros_ws/src/build/campus_maps', 'catkin_cmake_args': None, 'catkin_skip_building_tests': False, 'cmake_args': None, 'cmake_clean_cache': False, 'cmake_clean_first': False, 'cmake_force_configure': False, 'cmake_target': None, 'cmake_target_skip_unavailable': False, 'install_base': '/home/lalithesh/major_project/MATERIAL_TRANSFER_ROBOT_2026/CODE/ros_ws/src/install/campus_maps', 'merge_install': False, 'path': '/home/lalithesh/major_project/MATERIAL_TRANSFER_ROBOT_2026/CODE/ros_ws/src/campus_maps', 'symlink_install': False, 'test_result_base': None}
[0.547s] INFO:colcon.colcon_core.executor:Executing jobs using 'parallel' executor
[0.549s] DEBUG:colcon.colcon_parallel_executor.executor.parallel:run_until_complete
[0.549s] INFO:colcon.colcon_ros.task.ament_python.build:Building ROS package in '/home/lalithesh/major_project/MATERIAL_TRANSFER_ROBOT_2026/CODE/ros_ws/src/campus_maps' with build type 'ament_python'
[0.549s] Level 1:colcon.colcon_core.shell:create_environment_hook('campus_maps', 'ament_prefix_path')
[0.576s] INFO:colcon.colcon_core.plugin_system:Skipping extension 'colcon_core.shell.bat': Not used on non-Windows systems
[0.576s] INFO:colcon.colcon_core.shell:Creating environment hook '/home/lalithesh/major_project/MATERIAL_TRANSFER_ROBOT_2026/CODE/ros_ws/src/install/campus_maps/share/campus_maps/hook/ament_prefix_path.ps1'
[0.577s] INFO:colcon.colcon_core.shell:Creating environment descriptor '/home/lalithesh/major_project/MATERIAL_TRANSFER_ROBOT_2026/CODE/ros_ws/src/install/campus_maps/share/campus_maps/hook/ament_prefix_path.dsv'
[0.578s] INFO:colcon.colcon_core.shell:Creating environment hook '/home/lalithesh/major_project/MATERIAL_TRANSFER_ROBOT_2026/CODE/ros_ws/src/install/campus_maps/share/campus_maps/hook/ament_prefix_path.sh'
[0.579s] INFO:colcon.colcon_core.shell:Skip shell extension 'powershell' for command environment: Not usable outside of PowerShell
[0.579s] DEBUG:colcon.colcon_core.shell:Skip shell extension 'dsv' for command environment
[0.853s] INFO:colcon.colcon_core.task.python.build:Building Python package in '/home/lalithesh/major_project/MATERIAL_TRANSFER_ROBOT_2026/CODE/ros_ws/src/campus_maps'
[0.854s] INFO:colcon.colcon_core.shell:Skip shell extension 'powershell' for command environment: Not usable outside of PowerShell
[0.854s] DEBUG:colcon.colcon_core.shell:Skip shell extension 'dsv' for command environment
[1.282s] DEBUG:colcon.colcon_core.event_handler.log_command:Invoking command in '/home/lalithesh/major_project/MATERIAL_TRANSFER_ROBOT_2026/CODE/ros_ws/src/campus_maps': PYTHONPATH=/home/lalithesh/major_project/MATERIAL_TRANSFER_ROBOT_2026/CODE/ros_ws/src/build/campus_maps/prefix_override:/usr/lib/python3/dist-packages/colcon_core/task/python/colcon_distutils_commands:/home/lalithesh/major_project/MATERIAL_TRANSFER_ROBOT_2026/CODE/ros_ws/src/install/campus_maps/lib/python3.10/site-packages: /usr/bin/python3 -W ignore:setup.py install is deprecated -W ignore:easy_install command is deprecated setup.py egg_info --egg-base ../build/campus_maps build --build-base /home/lalithesh/major_project/MATERIAL_TRANSFER_ROBOT_2026/CODE/ros_ws/src/build/campus_maps/build install --record /home/lalithesh/major_project/MATERIAL_TRANSFER_ROBOT_2026/CODE/ros_ws/src/build/campus_maps/install.log --single-version-externally-managed install_data
[1.612s] DEBUG:colcon.colcon_core.event_handler.log_command:Invoked command in '/home/lalithesh/major_project/MATERIAL_TRANSFER_ROBOT_2026/CODE/ros_ws/src/campus_maps' returned '0': PYTHONPATH=/home/lalithesh/major_project/MATERIAL_TRANSFER_ROBOT_2026/CODE/ros_ws/src/build/campus_maps/prefix_override:/usr/lib/python3/dist-packages/colcon_core/task/python/colcon_distutils_commands:/home/lalithesh/major_project/MATERIAL_TRANSFER_ROBOT_2026/CODE/ros_ws/src/install/campus_maps/lib/python3.10/site-packages: /usr/bin/python3 -W ignore:setup.py install is deprecated -W ignore:easy_install command is deprecated setup.py egg_info --egg-base ../build/campus_maps build --build-base /home/lalithesh/major_project/MATERIAL_TRANSFER_ROBOT_2026/CODE/ros_ws/src/build/campus_maps/build install --record /home/lalithesh/major_project/MATERIAL_TRANSFER_ROBOT_2026/CODE/ros_ws/src/build/campus_maps/install.log --single-version-externally-managed install_data
[1.618s] Level 1:colcon.colcon_core.environment:checking '/home/lalithesh/major_project/MATERIAL_TRANSFER_ROBOT_2026/CODE/ros_ws/src/install/campus_maps' for CMake module files
[1.618s] Level 1:colcon.colcon_core.environment:checking '/home/lalithesh/major_project/MATERIAL_TRANSFER_ROBOT_2026/CODE/ros_ws/src/install/campus_maps' for CMake config files
[1.619s] Level 1:colcon.colcon_core.environment:checking '/home/lalithesh/major_project/MATERIAL_TRANSFER_ROBOT_2026/CODE/ros_ws/src/install/campus_maps/lib'
[1.620s] Level 1:colcon.colcon_core.environment:checking '/home/lalithesh/major_project/MATERIAL_TRANSFER_ROBOT_2026/CODE/ros_ws/src/install/campus_maps/bin'
[1.620s] Level 1:colcon.colcon_core.environment:checking '/home/lalithesh/major_project/MATERIAL_TRANSFER_ROBOT_2026/CODE/ros_ws/src/install/campus_maps/lib/pkgconfig/campus_maps.pc'
[1.620s] Level 1:colcon.colcon_core.environment:checking '/home/lalithesh/major_project/MATERIAL_TRANSFER_ROBOT_2026/CODE/ros_ws/src/install/campus_maps/lib/python3.10/site-packages'
[1.620s] Level 1:colcon.colcon_core.shell:create_environment_hook('campus_maps', 'pythonpath')
[1.620s] INFO:colcon.colcon_core.shell:Creating environment hook '/home/lalithesh/major_project/MATERIAL_TRANSFER_ROBOT_2026/CODE/ros_ws/src/install/campus_maps/share/campus_maps/hook/pythonpath.ps1'
[1.621s] INFO:colcon.colcon_core.shell:Creating environment descriptor '/home/lalithesh/major_project/MATERIAL_TRANSFER_ROBOT_2026/CODE/ros_ws/src/install/campus_maps/share/campus_maps/hook/pythonpath.dsv'
[1.621s] INFO:colcon.colcon_core.shell:Creating environment hook '/home/lalithesh/major_project/MATERIAL_TRANSFER_ROBOT_2026/CODE/ros_ws/src/install/campus_maps/share/campus_maps/hook/pythonpath.sh'
[1.622s] Level 1:colcon.colcon_core.environment:checking '/home/lalithesh/major_project/MATERIAL_TRANSFER_ROBOT_2026/CODE/ros_ws/src/install/campus_maps/bin'
[1.622s] Level 1:colcon.colcon_core.environment:create_environment_scripts_only(campus_maps)
[1.622s] INFO:colcon.colcon_core.shell:Creating package script '/home/lalithesh/major_project/MATERIAL_TRANSFER_ROBOT_2026/CODE/ros_ws/src/install/campus_maps/share/campus_maps/package.ps1'
[1.624s] INFO:colcon.colcon_core.shell:Creating package descriptor '/home/lalithesh/major_project/MATERIAL_TRANSFER_ROBOT_2026/CODE/ros_ws/src/install/campus_maps/share/campus_maps/package.dsv'
[1.624s] INFO:colcon.colcon_core.shell:Creating package script '/home/lalithesh/major_project/MATERIAL_TRANSFER_ROBOT_2026/CODE/ros_ws/src/install/campus_maps/share/campus_maps/package.sh'
[1.625s] INFO:colcon.colcon_core.shell:Creating package script '/home/lalithesh/major_project/MATERIAL_TRANSFER_ROBOT_2026/CODE/ros_ws/src/install/campus_maps/share/campus_maps/package.bash'
[1.626s] INFO:colcon.colcon_core.shell:Creating package script '/home/lalithesh/major_project/MATERIAL_TRANSFER_ROBOT_2026/CODE/ros_ws/src/install/campus_maps/share/campus_maps/package.zsh'
[1.627s] Level 1:colcon.colcon_core.environment:create_file_with_runtime_dependencies(/home/lalithesh/major_project/MATERIAL_TRANSFER_ROBOT_2026/CODE/ros_ws/src/install/campus_maps/share/colcon-core/packages/campus_maps)
[1.628s] DEBUG:colcon.colcon_parallel_executor.executor.parallel:closing loop
[1.628s] DEBUG:colcon.colcon_parallel_executor.executor.parallel:loop closed
[1.629s] DEBUG:colcon.colcon_parallel_executor.executor.parallel:run_until_complete finished with '0'
[1.629s] DEBUG:colcon.colcon_core.event_reactor:joining thread
[1.637s] INFO:colcon.colcon_core.plugin_system:Skipping extension 'colcon_notification.desktop_notification.terminal_notifier': Not used on non-Darwin systems
[1.637s] INFO:colcon.colcon_core.plugin_system:Skipping extension 'colcon_notification.desktop_notification.win32': Not used on non-Windows systems
[1.637s] INFO:colcon.colcon_notification.desktop_notification:Sending desktop notification using 'notify2'
[1.642s] DEBUG:colcon.colcon_core.event_reactor:joined thread
[1.643s] INFO:colcon.colcon_core.shell:Creating prefix script '/home/lalithesh/major_project/MATERIAL_TRANSFER_ROBOT_2026/CODE/ros_ws/src/install/local_setup.ps1'
[1.645s] INFO:colcon.colcon_core.shell:Creating prefix util module '/home/lalithesh/major_project/MATERIAL_TRANSFER_ROBOT_2026/CODE/ros_ws/src/install/_local_setup_util_ps1.py'
[1.647s] INFO:colcon.colcon_core.shell:Creating prefix chain script '/home/lalithesh/major_project/MATERIAL_TRANSFER_ROBOT_2026/CODE/ros_ws/src/install/setup.ps1'
[1.648s] INFO:colcon.colcon_core.shell:Creating prefix script '/home/lalithesh/major_project/MATERIAL_TRANSFER_ROBOT_2026/CODE/ros_ws/src/install/local_setup.sh'
[1.649s] INFO:colcon.colcon_core.shell:Creating prefix util module '/home/lalithesh/major_project/MATERIAL_TRANSFER_ROBOT_2026/CODE/ros_ws/src/install/_local_setup_util_sh.py'
[1.649s] INFO:colcon.colcon_core.shell:Creating prefix chain script '/home/lalithesh/major_project/MATERIAL_TRANSFER_ROBOT_2026/CODE/ros_ws/src/install/setup.sh'
[1.650s] INFO:colcon.colcon_core.shell:Creating prefix script '/home/lalithesh/major_project/MATERIAL_TRANSFER_ROBOT_2026/CODE/ros_ws/src/install/local_setup.bash'
[1.651s] INFO:colcon.colcon_core.shell:Creating prefix chain script '/home/lalithesh/major_project/MATERIAL_TRANSFER_ROBOT_2026/CODE/ros_ws/src/install/setup.bash'
[1.652s] INFO:colcon.colcon_core.shell:Creating prefix script '/home/lalithesh/major_project/MATERIAL_TRANSFER_ROBOT_2026/CODE/ros_ws/src/install/local_setup.zsh'
[1.653s] INFO:colcon.colcon_core.shell:Creating prefix chain script '/home/lalithesh/major_project/MATERIAL_TRANSFER_ROBOT_2026/CODE/ros_ws/src/install/setup.zsh'
