[0.730s] Invoking command in '/home/lalithesh/major_project/MATERIAL_TRANSFER_ROBOT_2026/CODE/ros_ws/src/campus_maps': PYTHONPATH=/home/lalithesh/major_project/MATERIAL_TRANSFER_ROBOT_2026/CODE/ros_ws/src/build/campus_maps/prefix_override:/usr/lib/python3/dist-packages/colcon_core/task/python/colcon_distutils_commands:/home/lalithesh/major_project/MATERIAL_TRANSFER_ROBOT_2026/CODE/ros_ws/src/install/campus_maps/lib/python3.10/site-packages: /usr/bin/python3 -W ignore:setup.py install is deprecated -W ignore:easy_install command is deprecated setup.py egg_info --egg-base ../build/campus_maps build --build-base /home/lalithesh/major_project/MATERIAL_TRANSFER_ROBOT_2026/CODE/ros_ws/src/build/campus_maps/build install --record /home/lalithesh/major_project/MATERIAL_TRANSFER_ROBOT_2026/CODE/ros_ws/src/build/campus_maps/install.log --single-version-externally-managed install_data
[0.968s] running egg_info
[0.969s] creating ../build/campus_maps/campus_maps.egg-info
[0.969s] writing ../build/campus_maps/campus_maps.egg-info/PKG-INFO
[0.970s] writing dependency_links to ../build/campus_maps/campus_maps.egg-info/dependency_links.txt
[0.970s] writing entry points to ../build/campus_maps/campus_maps.egg-info/entry_points.txt
[0.970s] writing requirements to ../build/campus_maps/campus_maps.egg-info/requires.txt
[0.970s] writing top-level names to ../build/campus_maps/campus_maps.egg-info/top_level.txt
[0.970s] writing manifest file '../build/campus_maps/campus_maps.egg-info/SOURCES.txt'
[0.972s] reading manifest file '../build/campus_maps/campus_maps.egg-info/SOURCES.txt'
[0.973s] writing manifest file '../build/campus_maps/campus_maps.egg-info/SOURCES.txt'
[0.974s] running build
[0.974s] running build_py
[0.974s] creating /home/lalithesh/major_project/MATERIAL_TRANSFER_ROBOT_2026/CODE/ros_ws/src/build/campus_maps/build
[0.974s] creating /home/lalithesh/major_project/MATERIAL_TRANSFER_ROBOT_2026/CODE/ros_ws/src/build/campus_maps/build/lib
[0.974s] creating /home/lalithesh/major_project/MATERIAL_TRANSFER_ROBOT_2026/CODE/ros_ws/src/build/campus_maps/build/lib/campus_maps
[0.974s] copying campus_maps/tile_switcher.py -> /home/lalithesh/major_project/MATERIAL_TRANSFER_ROBOT_2026/CODE/ros_ws/src/build/campus_maps/build/lib/campus_maps
[0.974s] copying campus_maps/__init__.py -> /home/lalithesh/major_project/MATERIAL_TRANSFER_ROBOT_2026/CODE/ros_ws/src/build/campus_maps/build/lib/campus_maps
[0.974s] running install
[0.975s] running install_lib
[0.975s] creating /home/lalithesh/major_project/MATERIAL_TRANSFER_ROBOT_2026/CODE/ros_ws/src/install/campus_maps/lib/python3.10/site-packages/campus_maps
[0.975s] copying /home/lalithesh/major_project/MATERIAL_TRANSFER_ROBOT_2026/CODE/ros_ws/src/build/campus_maps/build/lib/campus_maps/tile_switcher.py -> /home/lalithesh/major_project/MATERIAL_TRANSFER_ROBOT_2026/CODE/ros_ws/src/install/campus_maps/lib/python3.10/site-packages/campus_maps
[0.976s] copying /home/lalithesh/major_project/MATERIAL_TRANSFER_ROBOT_2026/CODE/ros_ws/src/build/campus_maps/build/lib/campus_maps/__init__.py -> /home/lalithesh/major_project/MATERIAL_TRANSFER_ROBOT_2026/CODE/ros_ws/src/install/campus_maps/lib/python3.10/site-packages/campus_maps
[0.976s] byte-compiling /home/lalithesh/major_project/MATERIAL_TRANSFER_ROBOT_2026/CODE/ros_ws/src/install/campus_maps/lib/python3.10/site-packages/campus_maps/tile_switcher.py to tile_switcher.cpython-310.pyc
[0.978s] byte-compiling /home/lalithesh/major_project/MATERIAL_TRANSFER_ROBOT_2026/CODE/ros_ws/src/install/campus_maps/lib/python3.10/site-packages/campus_maps/__init__.py to __init__.cpython-310.pyc
[0.978s] running install_data
[0.978s] creating /home/lalithesh/major_project/MATERIAL_TRANSFER_ROBOT_2026/CODE/ros_ws/src/install/campus_maps/share/ament_index
[0.978s] creating /home/lalithesh/major_project/MATERIAL_TRANSFER_ROBOT_2026/CODE/ros_ws/src/install/campus_maps/share/ament_index/resource_index
[0.978s] creating /home/lalithesh/major_project/MATERIAL_TRANSFER_ROBOT_2026/CODE/ros_ws/src/install/campus_maps/share/ament_index/resource_index/packages
[0.978s] copying resource/campus_maps -> /home/lalithesh/major_project/MATERIAL_TRANSFER_ROBOT_2026/CODE/ros_ws/src/install/campus_maps/share/ament_index/resource_index/packages
[0.978s] copying package.xml -> /home/lalithesh/major_project/MATERIAL_TRANSFER_ROBOT_2026/CODE/ros_ws/src/install/campus_maps/share/campus_maps
[0.979s] creating /home/lalithesh/major_project/MATERIAL_TRANSFER_ROBOT_2026/CODE/ros_ws/src/install/campus_maps/share/campus_maps/maps
[0.979s] copying maps/tile01.yaml -> /home/lalithesh/major_project/MATERIAL_TRANSFER_ROBOT_2026/CODE/ros_ws/src/install/campus_maps/share/campus_maps/maps
[0.979s] copying maps/tile01.pgm -> /home/lalithesh/major_project/MATERIAL_TRANSFER_ROBOT_2026/CODE/ros_ws/src/install/campus_maps/share/campus_maps/maps
[0.980s] running install_egg_info
[0.983s] Copying ../build/campus_maps/campus_maps.egg-info to /home/lalithesh/major_project/MATERIAL_TRANSFER_ROBOT_2026/CODE/ros_ws/src/install/campus_maps/lib/python3.10/site-packages/campus_maps-0.0.0-py3.10.egg-info
[0.984s] running install_scripts
[1.010s] Installing tile_switcher script to /home/lalithesh/major_project/MATERIAL_TRANSFER_ROBOT_2026/CODE/ros_ws/src/install/campus_maps/lib/campus_maps
[1.010s] writing list of installed files to '/home/lalithesh/major_project/MATERIAL_TRANSFER_ROBOT_2026/CODE/ros_ws/src/build/campus_maps/install.log'
[1.061s] Invoked command in '/home/lalithesh/major_project/MATERIAL_TRANSFER_ROBOT_2026/CODE/ros_ws/src/campus_maps' returned '0': PYTHONPATH=/home/lalithesh/major_project/MATERIAL_TRANSFER_ROBOT_2026/CODE/ros_ws/src/build/campus_maps/prefix_override:/usr/lib/python3/dist-packages/colcon_core/task/python/colcon_distutils_commands:/home/lalithesh/major_project/MATERIAL_TRANSFER_ROBOT_2026/CODE/ros_ws/src/install/campus_maps/lib/python3.10/site-packages: /usr/bin/python3 -W ignore:setup.py install is deprecated -W ignore:easy_install command is deprecated setup.py egg_info --egg-base ../build/campus_maps build --build-base /home/lalithesh/major_project/MATERIAL_TRANSFER_ROBOT_2026/CODE/ros_ws/src/build/campus_maps/build install --record /home/lalithesh/major_project/MATERIAL_TRANSFER_ROBOT_2026/CODE/ros_ws/src/build/campus_maps/install.log --single-version-externally-managed install_data
